<?xml version="1.0" encoding="utf-8"?>
<TestRun id="432ce652-d001-4186-966c-220a2bc2faa0" name="@runnervmf2e7y 2025-11-05 05:11:10" xmlns="http://microsoft.com/schemas/VisualStudio/TeamTest/2010">
  <Times creation="2025-11-05T05:11:10.2357333+00:00" queuing="2025-11-05T05:11:10.2357334+00:00" start="2025-11-05T05:11:09.1144851+00:00" finish="2025-11-05T05:11:10.6069412+00:00" />
  <TestSettings name="default" id="a6c40a5d-ee05-4e9b-8057-f3629166e479">
    <Deployment runDeploymentRoot="_runnervmf2e7y_2025-11-05_05_11_10" />
  </TestSettings>
  <Results>
    <UnitTestResult executionId="8afac9ac-45f2-4fd3-9f91-2aecea5ffbf2" testId="1f8924f8-bf7a-0efe-a228-84e056ae742a" testName="YouTubeCLI.Tests.Commands.UpdateCommandTests.CreateArgs_WithPrivacyValues_ShouldIncludePrivacyArgument(privacy: Public)" computerName="runnervmf2e7y" duration="00:00:00.0008129" startTime="2025-11-05T05:11:10.3025205+00:00" endTime="2025-11-05T05:11:10.3025206+00:00" testType="13cdc9d9-ddb5-4fa4-a97d-d965ccfc6d4b" outcome="Passed" testListId="8c84fa94-04c1-424b-9868-57a2d4851a1d" relativeResultsDirectory="8afac9ac-45f2-4fd3-9f91-2aecea5ffbf2" />
    <UnitTestResult executionId="9cb76e2f-e860-4810-bd6d-2316e47aae7c" testId="6836478f-22cd-1a30-cd3c-3993d0e4754e" testName="YouTubeCLI.Tests.Commands.EnumAndConstantsTests.OutputOptionsEnum_ShouldHaveCorrectStringRepresentation(output: Broadcast, expectedString: &quot;Broadcast&quot;)" computerName="runnervmf2e7y" duration="00:00:00.0000111" startTime="2025-11-05T05:11:10.2028368+00:00" endTime="2025-11-05T05:11:10.2028369+00:00" testType="13cdc9d9-ddb5-4fa4-a97d-d965ccfc6d4b" outcome="Passed" testListId="8c84fa94-04c1-424b-9868-57a2d4851a1d" relativeResultsDirectory="9cb76e2f-e860-4810-bd6d-2316e47aae7c" />
    <UnitTestResult executionId="868275c4-613a-41c7-999f-0781fb858ff6" testId="edfbb0cc-b056-35c3-ce89-7fa56a0dbd38" testName="YouTubeCLI.Tests.Commands.EnumAndConstantsTests.Constants_COLUMNS_ShouldBeInCorrectOrder" computerName="runnervmf2e7y" duration="00:00:00.0126842" startTime="2025-11-05T05:11:10.2963630+00:00" endTime="2025-11-05T05:11:10.2963631+00:00" testType="13cdc9d9-ddb5-4fa4-a97d-d965ccfc6d4b" outcome="Passed" testListId="8c84fa94-04c1-424b-9868-57a2d4851a1d" relativeResultsDirectory="868275c4-613a-41c7-999f-0781fb858ff6" />
    <UnitTestResult executionId="d1c15faa-dce3-4884-8841-90225f8fc308" testId="24d5008c-9dfc-4a8b-6248-3a37c6448a38" testName="YouTubeCLI.Tests.Commands.CreateCommandTests.Broadcast_Privacy_ToLowerCase_ShouldProduceCorrectValue(inputPrivacy: &quot;Private&quot;, expectedLowercase: &quot;private&quot;)" computerName="runnervmf2e7y" duration="00:00:00.0000095" startTime="2025-11-05T05:11:10.2705720+00:00" endTime="2025-11-05T05:11:10.2705720+00:00" testType="13cdc9d9-ddb5-4fa4-a97d-d965ccfc6d4b" outcome="Passed" testListId="8c84fa94-04c1-424b-9868-57a2d4851a1d" relativeResultsDirectory="d1c15faa-dce3-4884-8841-90225f8fc308" />
    <UnitTestResult executionId="cc7b0c2a-ea29-4664-b5f3-5095d8bc1299" testId="f5e60fd4-e25c-c6d5-ffea-b62f90029389" testName="YouTubeCLI.Tests.Commands.EnumAndConstantsTests.PrivacyEnum_ShouldSupportEnumParsing" computerName="runnervmf2e7y" duration="00:00:00.0002279" startTime="2025-11-05T05:11:10.3099961+00:00" endTime="2025-11-05T05:11:10.3099961+00:00" testType="13cdc9d9-ddb5-4fa4-a97d-d965ccfc6d4b" outcome="Passed" testListId="8c84fa94-04c1-424b-9868-57a2d4851a1d" relativeResultsDirectory="cc7b0c2a-ea29-4664-b5f3-5095d8bc1299" />
    <UnitTestResult executionId="d444acdc-ec92-41e9-b7dd-1c7463d1d688" testId="c64ace97-f7f6-192a-cb63-c190c602f96f" testName="YouTubeCLI.Tests.Libraries.BroadcastLibraryTests.GetBroadcasts_WithNonExistentFile_ShouldThrowException" computerName="runnervmf2e7y" duration="00:00:00.0126141" startTime="2025-11-05T05:11:10.2996731+00:00" endTime="2025-11-05T05:11:10.2996732+00:00" testType="13cdc9d9-ddb5-4fa4-a97d-d965ccfc6d4b" outcome="Passed" testListId="8c84fa94-04c1-424b-9868-57a2d4851a1d" relativeResultsDirectory="d444acdc-ec92-41e9-b7dd-1c7463d1d688" />
    <UnitTestResult executionId="149a28be-bdef-4b5e-99c8-60129791cba4" testId="98ccd38d-fd94-fa80-aa64-594b7eb82c29" testName="YouTubeCLI.Tests.Commands.EndCommandTests.CreateArgs_WithVariousIdFormats_ShouldIncludeIdArgument(id: &quot;id1,id2,id3,id4&quot;)" computerName="runnervmf2e7y" duration="00:00:00.0000191" startTime="2025-11-05T05:11:10.2249874+00:00" endTime="2025-11-05T05:11:10.2249875+00:00" testType="13cdc9d9-ddb5-4fa4-a97d-d965ccfc6d4b" outcome="Passed" testListId="8c84fa94-04c1-424b-9868-57a2d4851a1d" relativeResultsDirectory="149a28be-bdef-4b5e-99c8-60129791cba4" />
    <UnitTestResult executionId="04890364-ddd7-46e2-801b-ead0aa35a6c8" testId="bab37ed8-c657-16fd-6924-74815edc9271" testName="YouTubeCLI.Tests.Commands.CreateCommandComprehensiveTests.CreateArgs_WithVariousDateFormats_ShouldIncludeStartsOnArgument(dateString: &quot;12/31/23&quot;)" computerName="runnervmf2e7y" duration="00:00:00.0020339" startTime="2025-11-05T05:11:10.2877357+00:00" endTime="2025-11-05T05:11:10.2877358+00:00" testType="13cdc9d9-ddb5-4fa4-a97d-d965ccfc6d4b" outcome="Passed" testListId="8c84fa94-04c1-424b-9868-57a2d4851a1d" relativeResultsDirectory="04890364-ddd7-46e2-801b-ead0aa35a6c8" />
    <UnitTestResult executionId="a863e600-9dd9-4792-b689-9cb77e2f2786" testId="c6c863a1-22ea-a26a-995c-a9ae2fedae3f" testName="YouTubeCLI.Tests.Commands.EnumAndConstantsTests.OutputOptionsEnum_ShouldBeComparable" computerName="runnervmf2e7y" duration="00:00:00.0017519" startTime="2025-11-05T05:11:10.2145328+00:00" endTime="2025-11-05T05:11:10.2145329+00:00" testType="13cdc9d9-ddb5-4fa4-a97d-d965ccfc6d4b" outcome="Passed" testListId="8c84fa94-04c1-424b-9868-57a2d4851a1d" relativeResultsDirectory="a863e600-9dd9-4792-b689-9cb77e2f2786" />
    <UnitTestResult executionId="fc3cb83d-b3b3-4d89-99db-770ad23b9c27" testId="96e1ba2e-8ded-0d2e-569e-c504d2f84f01" testName="YouTubeCLI.Tests.Commands.CommandLineIntegrationTests.EndCommand_WithMultipleIds_ShouldParseCorrectly" computerName="runnervmf2e7y" duration="00:00:00.0001287" startTime="2025-11-05T05:11:10.2815572+00:00" endTime="2025-11-05T05:11:10.2815572+00:00" testType="13cdc9d9-ddb5-4fa4-a97d-d965ccfc6d4b" outcome="Passed" testListId="8c84fa94-04c1-424b-9868-57a2d4851a1d" relativeResultsDirectory="fc3cb83d-b3b3-4d89-99db-770ad23b9c27" />
    <UnitTestResult executionId="07ec03a4-de67-48ae-b185-8c7c65ae3bf6" testId="c45067da-6ca5-723d-823c-9bb51c059463" testName="YouTubeCLI.Tests.Commands.UpdateCommandTests.Privacy_WithPrivateValue_ShouldBeSetCorrectly" computerName="runnervmf2e7y" duration="00:00:00.0001705" startTime="2025-11-05T05:11:10.3067950+00:00" endTime="2025-11-05T05:11:10.3067951+00:00" testType="13cdc9d9-ddb5-4fa4-a97d-d965ccfc6d4b" outcome="Passed" testListId="8c84fa94-04c1-424b-9868-57a2d4851a1d" relativeResultsDirectory="07ec03a4-de67-48ae-b185-8c7c65ae3bf6" />
    <UnitTestResult executionId="25c5ac31-3a2f-4fb7-879d-044174477f87" testId="25b89b0f-7784-dc8a-e253-421bc7bdbdda" testName="YouTubeCLI.Tests.Commands.CreateCommandTests.CreateArgs_WithStartsOn_ShouldIncludeStartsOnArgument" computerName="runnervmf2e7y" duration="00:00:00.0001890" startTime="2025-11-05T05:11:10.2789689+00:00" endTime="2025-11-05T05:11:10.2789689+00:00" testType="13cdc9d9-ddb5-4fa4-a97d-d965ccfc6d4b" outcome="Passed" testListId="8c84fa94-04c1-424b-9868-57a2d4851a1d" relativeResultsDirectory="25c5ac31-3a2f-4fb7-879d-044174477f87" />
    <UnitTestResult executionId="2b421f9c-4c54-4239-9b63-eeb06ca7857f" testId="79ce40eb-98ea-089b-0292-a5d8945d49c2" testName="YouTubeCLI.Tests.Commands.UpdateCommandTests.CreateArgs_WithNullOptionalArguments_ShouldNotIncludeThem" computerName="runnervmf2e7y" duration="00:00:00.0001979" startTime="2025-11-05T05:11:10.3038494+00:00" endTime="2025-11-05T05:11:10.3038494+00:00" testType="13cdc9d9-ddb5-4fa4-a97d-d965ccfc6d4b" outcome="Passed" testListId="8c84fa94-04c1-424b-9868-57a2d4851a1d" relativeResultsDirectory="2b421f9c-4c54-4239-9b63-eeb06ca7857f" />
    <UnitTestResult executionId="193fd0c1-9e56-46a9-9643-38ca26ce7b58" testId="810ec331-7710-1410-9a52-a1991b87ac3e" testName="YouTubeCLI.Tests.Commands.CreateCommandTests.Broadcast_Privacy_ToLowerCase_ShouldProduceCorrectValue(inputPrivacy: &quot;private&quot;, expectedLowercase: &quot;private&quot;)" computerName="runnervmf2e7y" duration="00:00:00.0000075" startTime="2025-11-05T05:11:10.2716700+00:00" endTime="2025-11-05T05:11:10.2716701+00:00" testType="13cdc9d9-ddb5-4fa4-a97d-d965ccfc6d4b" outcome="Passed" testListId="8c84fa94-04c1-424b-9868-57a2d4851a1d" relativeResultsDirectory="193fd0c1-9e56-46a9-9643-38ca26ce7b58" />
    <UnitTestResult executionId="b0baeed2-cbeb-49f0-9822-5bf0a52a5f3a" testId="c544b823-4f5d-8b6f-ff71-68b23e8b2f70" testName="YouTubeCLI.Tests.Models.LinkDetailsTests.LinkDetails_BroadcastUrl_ShouldHandleDifferentIdFormats(videoId: &quot;&quot;)" computerName="runnervmf2e7y" duration="00:00:00.0001222" startTime="2025-11-05T05:11:10.2898092+00:00" endTime="2025-11-05T05:11:10.2898093+00:00" testType="13cdc9d9-ddb5-4fa4-a97d-d965ccfc6d4b" outcome="Passed" testListId="8c84fa94-04c1-424b-9868-57a2d4851a1d" relativeResultsDirectory="b0baeed2-cbeb-49f0-9822-5bf0a52a5f3a" />
    <UnitTestResult executionId="114d4329-6461-44a0-8e02-c15ba6af40d5" testId="dd9d8b49-84e2-feb0-106c-8168f25ba8ad" testName="YouTubeCLI.Tests.Commands.EdgeCaseTests.CreateCommand_WithWhitespaceArguments_ShouldHandleGracefully(whitespace: &quot;   &quot;)" computerName="runnervmf2e7y" duration="00:00:00.0127163" startTime="2025-11-05T05:11:10.1540423+00:00" endTime="2025-11-05T05:11:10.1540424+00:00" testType="13cdc9d9-ddb5-4fa4-a97d-d965ccfc6d4b" outcome="Passed" testListId="8c84fa94-04c1-424b-9868-57a2d4851a1d" relativeResultsDirectory="114d4329-6461-44a0-8e02-c15ba6af40d5" />
    <UnitTestResult executionId="8aee6c91-f2b7-4905-a410-b59119017e56" testId="9e020d58-2169-cd84-c2be-511f65e4341b" testName="YouTubeCLI.Tests.Commands.CreateCommandComprehensiveTests.CreateArgs_WithAllRequiredArguments_ShouldIncludeAllRequiredArgs" computerName="runnervmf2e7y" duration="00:00:00.0020475" startTime="2025-11-05T05:11:10.2946121+00:00" endTime="2025-11-05T05:11:10.2946121+00:00" testType="13cdc9d9-ddb5-4fa4-a97d-d965ccfc6d4b" outcome="Passed" testListId="8c84fa94-04c1-424b-9868-57a2d4851a1d" relativeResultsDirectory="8aee6c91-f2b7-4905-a410-b59119017e56" />
    <UnitTestResult executionId="a43de432-0086-4183-938d-a3b30fb79da5" testId="e2bab0fa-4ac3-8320-bd81-0a3e1e2eb5fb" testName="YouTubeCLI.Tests.Commands.CommandLineIntegrationTests.CreateCommand_WithShortFlags_ShouldParseCorrectly" computerName="runnervmf2e7y" duration="00:00:00.0008580" startTime="2025-11-05T05:11:10.2767732+00:00" endTime="2025-11-05T05:11:10.2767733+00:00" testType="13cdc9d9-ddb5-4fa4-a97d-d965ccfc6d4b" outcome="Passed" testListId="8c84fa94-04c1-424b-9868-57a2d4851a1d" relativeResultsDirectory="a43de432-0086-4183-938d-a3b30fb79da5" />
    <UnitTestResult executionId="2b8b9518-6c88-4351-9fab-6506b706d6da" testId="77ba7299-f6d6-0f2b-fd7b-512fc72e1fcd" testName="YouTubeCLI.Tests.Commands.UpdateCommandTests.CreateArgs_WithAllRequiredArguments_ShouldIncludeAllArguments" computerName="runnervmf2e7y" duration="00:00:00.0002565" startTime="2025-11-05T05:11:10.3071763+00:00" endTime="2025-11-05T05:11:10.3071763+00:00" testType="13cdc9d9-ddb5-4fa4-a97d-d965ccfc6d4b" outcome="Passed" testListId="8c84fa94-04c1-424b-9868-57a2d4851a1d" relativeResultsDirectory="2b8b9518-6c88-4351-9fab-6506b706d6da" />
    <UnitTestResult executionId="47068ece-96cc-4caa-baf6-7db97fa0458d" testId="68934fff-c68d-d6a0-1bfb-527097504531" testName="YouTubeCLI.Tests.Commands.UpdateCommandTests.CreateArgs_WithEmptyStrings_ShouldNotIncludeThem" computerName="runnervmf2e7y" duration="00:00:00.0020947" startTime="2025-11-05T05:11:10.3077225+00:00" endTime="2025-11-05T05:11:10.3077225+00:00" testType="13cdc9d9-ddb5-4fa4-a97d-d965ccfc6d4b" outcome="Passed" testListId="8c84fa94-04c1-424b-9868-57a2d4851a1d" relativeResultsDirectory="47068ece-96cc-4caa-baf6-7db97fa0458d" />
    <UnitTestResult executionId="afd7480b-b113-49ea-bdfa-85324077ae53" testId="028a2804-3767-e2cb-f416-37aa29893cc1" testName="YouTubeCLI.Tests.Commands.ListCommandTests.ListCommand_Upcoming_ShouldDefaultToFalse" computerName="runnervmf2e7y" duration="00:00:00.0001047" startTime="2025-11-05T05:11:10.2661306+00:00" endTime="2025-11-05T05:11:10.2661307+00:00" testType="13cdc9d9-ddb5-4fa4-a97d-d965ccfc6d4b" outcome="Passed" testListId="8c84fa94-04c1-424b-9868-57a2d4851a1d" relativeResultsDirectory="afd7480b-b113-49ea-bdfa-85324077ae53" />
    <UnitTestResult executionId="d9b0f5ea-ad33-40c7-a1bf-79adccdb313e" testId="3158b2fe-f07e-0967-ad83-a8cda4663d1d" testName="YouTubeCLI.Tests.Commands.CreateCommandComprehensiveTests.CreateArgs_WithWhitespaceId_ShouldNotIncludeIdArgument(id: &quot;&quot;)" computerName="runnervmf2e7y" duration="00:00:00.0005214" startTime="2025-11-05T05:11:10.2909030+00:00" endTime="2025-11-05T05:11:10.2909031+00:00" testType="13cdc9d9-ddb5-4fa4-a97d-d965ccfc6d4b" outcome="Passed" testListId="8c84fa94-04c1-424b-9868-57a2d4851a1d" relativeResultsDirectory="d9b0f5ea-ad33-40c7-a1bf-79adccdb313e" />
    <UnitTestResult executionId="26e936f3-8ff2-4d52-b983-44be6f148a23" testId="40f6ad1a-c0ec-011a-c61e-ff862b16cd4e" testName="YouTubeCLI.Tests.Commands.ListCommandTests.CreateArgs_WithWhitespaceClientSecrets_ShouldNotIncludeClientSecrets(whitespace: &quot;   &quot;)" computerName="runnervmf2e7y" duration="00:00:00.0000090" startTime="2025-11-05T05:11:10.2595557+00:00" endTime="2025-11-05T05:11:10.2595558+00:00" testType="13cdc9d9-ddb5-4fa4-a97d-d965ccfc6d4b" outcome="Passed" testListId="8c84fa94-04c1-424b-9868-57a2d4851a1d" relativeResultsDirectory="26e936f3-8ff2-4d52-b983-44be6f148a23" />
    <UnitTestResult executionId="3f60b925-44bd-485c-8c89-f86234300653" testId="9455aefa-5509-695c-1a84-3fc4d2dd5aaa" testName="YouTubeCLI.Tests.Commands.CommandLineIntegrationTests.UpdateCommand_WithAllArguments_ShouldParseCorrectly" computerName="runnervmf2e7y" duration="00:00:00.0003312" startTime="2025-11-05T05:11:10.2811926+00:00" endTime="2025-11-05T05:11:10.2811927+00:00" testType="13cdc9d9-ddb5-4fa4-a97d-d965ccfc6d4b" outcome="Passed" testListId="8c84fa94-04c1-424b-9868-57a2d4851a1d" relativeResultsDirectory="3f60b925-44bd-485c-8c89-f86234300653" />
    <UnitTestResult executionId="cfb9bd32-64bc-4415-8b4b-f1b32e14fa73" testId="8104ccca-ecd6-1888-d407-5c69275239c5" testName="YouTubeCLI.Tests.Commands.CreateCommandTests.Broadcast_Privacy_WithEmptyString_ShouldNotMatchValidOptions" computerName="runnervmf2e7y" duration="00:00:00.0003908" startTime="2025-11-05T05:11:10.2524431+00:00" endTime="2025-11-05T05:11:10.2524432+00:00" testType="13cdc9d9-ddb5-4fa4-a97d-d965ccfc6d4b" outcome="Passed" testListId="8c84fa94-04c1-424b-9868-57a2d4851a1d" relativeResultsDirectory="cfb9bd32-64bc-4415-8b4b-f1b32e14fa73" />
    <UnitTestResult executionId="77ec7cd2-5173-44f8-9733-0ec80e35cd74" testId="eb1d56b8-6881-4e34-b66e-fab969bd7182" testName="YouTubeCLI.Tests.Commands.CreateCommandComprehensiveTests.CreateArgs_WithVariousIdFormats_ShouldIncludeIdArgument(id: &quot;id1,id2&quot;)" computerName="runnervmf2e7y" duration="00:00:00.0000145" startTime="2025-11-05T05:11:10.2933820+00:00" endTime="2025-11-05T05:11:10.2933820+00:00" testType="13cdc9d9-ddb5-4fa4-a97d-d965ccfc6d4b" outcome="Passed" testListId="8c84fa94-04c1-424b-9868-57a2d4851a1d" relativeResultsDirectory="77ec7cd2-5173-44f8-9733-0ec80e35cd74" />
    <UnitTestResult executionId="b9e5e2c6-6c78-488d-a494-aa8506f40955" testId="cb1fa34f-8e37-1b35-2f5b-b08e076d6f47" testName="YouTubeCLI.Tests.Commands.CreateCommandTests.Broadcast_Privacy_WithValidValues_ShouldBeAccepted(privacyValue: &quot;PRIVATE&quot;)" computerName="runnervmf2e7y" duration="00:00:00.0001753" startTime="2025-11-05T05:11:10.2475864+00:00" endTime="2025-11-05T05:11:10.2475865+00:00" testType="13cdc9d9-ddb5-4fa4-a97d-d965ccfc6d4b" outcome="Passed" testListId="8c84fa94-04c1-424b-9868-57a2d4851a1d" relativeResultsDirectory="b9e5e2c6-6c78-488d-a494-aa8506f40955" />
    <UnitTestResult executionId="a667083b-8368-4f4c-ab33-1b63ceae3003" testId="5a37cab4-dfe6-fa5b-cb63-ccc5bc2cf75f" testName="YouTubeCLI.Tests.Commands.EnumAndConstantsTests.PrivacyEnum_ShouldHaveCorrectStringRepresentation(privacy: Private, expectedString: &quot;Private&quot;)" computerName="runnervmf2e7y" duration="00:00:00.0001724" startTime="2025-11-05T05:11:10.2567202+00:00" endTime="2025-11-05T05:11:10.2567203+00:00" testType="13cdc9d9-ddb5-4fa4-a97d-d965ccfc6d4b" outcome="Passed" testListId="8c84fa94-04c1-424b-9868-57a2d4851a1d" relativeResultsDirectory="a667083b-8368-4f4c-ab33-1b63ceae3003" />
    <UnitTestResult executionId="20d1b516-b10d-4071-9a5a-980781e8911b" testId="2b32387b-a071-3b1a-4a8c-ade7bb786807" testName="YouTubeCLI.Tests.Commands.UpdateCommandTests.Privacy_CaseInsensitiveParsing_ShouldParseCorrectly(privacyString: &quot;public&quot;, expectedValue: Public)" computerName="runnervmf2e7y" duration="00:00:00.0002213" startTime="2025-11-05T05:11:10.2825429+00:00" endTime="2025-11-05T05:11:10.2825429+00:00" testType="13cdc9d9-ddb5-4fa4-a97d-d965ccfc6d4b" outcome="Passed" testListId="8c84fa94-04c1-424b-9868-57a2d4851a1d" relativeResultsDirectory="20d1b516-b10d-4071-9a5a-980781e8911b" />
    <UnitTestResult executionId="bf5d5bd4-59ec-40e5-beb6-7cbaabd0cfdc" testId="a129cd91-7c0e-b802-5dea-dea446f8ab7b" testName="YouTubeCLI.Tests.Commands.EdgeCaseTests.EndCommand_WithUnicodeCharactersInId_ShouldHandleCorrectly" computerName="runnervmf2e7y" duration="00:00:00.0007677" startTime="2025-11-05T05:11:10.2052680+00:00" endTime="2025-11-05T05:11:10.2052681+00:00" testType="13cdc9d9-ddb5-4fa4-a97d-d965ccfc6d4b" outcome="Passed" testListId="8c84fa94-04c1-424b-9868-57a2d4851a1d" relativeResultsDirectory="bf5d5bd4-59ec-40e5-beb6-7cbaabd0cfdc" />
    <UnitTestResult executionId="59840ca8-9a0a-4afa-8db0-21c3e1d80b9b" testId="be34ebf2-a7e3-9f7e-3d31-e54390b6d093" testName="YouTubeCLI.Tests.Commands.CommandLineIntegrationTests.UpdateCommand_WithMinimalArguments_ShouldParseCorrectly" computerName="runnervmf2e7y" duration="00:00:00.0002235" startTime="2025-11-05T05:11:10.2684214+00:00" endTime="2025-11-05T05:11:10.2684215+00:00" testType="13cdc9d9-ddb5-4fa4-a97d-d965ccfc6d4b" outcome="Passed" testListId="8c84fa94-04c1-424b-9868-57a2d4851a1d" relativeResultsDirectory="59840ca8-9a0a-4afa-8db0-21c3e1d80b9b" />
    <UnitTestResult executionId="f4de8017-6f7f-412b-87d1-5605415fe85b" testId="6340acfc-2911-0e4a-c2b7-dcc8487826fe" testName="YouTubeCLI.Tests.Commands.EdgeCaseTests.CreateCommand_WithVeryLongId_ShouldHandleCorrectly" computerName="runnervmf2e7y" duration="00:00:00.0001684" startTime="2025-11-05T05:11:10.2292854+00:00" endTime="2025-11-05T05:11:10.2292854+00:00" testType="13cdc9d9-ddb5-4fa4-a97d-d965ccfc6d4b" outcome="Passed" testListId="8c84fa94-04c1-424b-9868-57a2d4851a1d" relativeResultsDirectory="f4de8017-6f7f-412b-87d1-5605415fe85b" />
    <UnitTestResult executionId="513b8c67-de30-4495-bb86-f1b957ea63a2" testId="fc493548-870e-be88-6e9b-87f387da7371" testName="YouTubeCLI.Tests.Commands.CreateCommandComprehensiveTests.CreateArgs_WithNullOptionalArguments_ShouldNotIncludeThem" computerName="runnervmf2e7y" duration="00:00:00.0001737" startTime="2025-11-05T05:11:10.2943333+00:00" endTime="2025-11-05T05:11:10.2943334+00:00" testType="13cdc9d9-ddb5-4fa4-a97d-d965ccfc6d4b" outcome="Passed" testListId="8c84fa94-04c1-424b-9868-57a2d4851a1d" relativeResultsDirectory="513b8c67-de30-4495-bb86-f1b957ea63a2" />
    <UnitTestResult executionId="cd7a07cc-d97a-40e7-829d-3063117cabff" testId="69bcae33-9dc5-debf-03e6-cae4ea509013" testName="YouTubeCLI.Tests.Commands.UpdateCommandTests.CreateArgs_WithValidPrivacyValues_ShouldIncludePrivacyInArgs(privacy: Private)" computerName="runnervmf2e7y" duration="00:00:00.0007388" startTime="2025-11-05T05:11:10.3050159+00:00" endTime="2025-11-05T05:11:10.3050160+00:00" testType="13cdc9d9-ddb5-4fa4-a97d-d965ccfc6d4b" outcome="Passed" testListId="8c84fa94-04c1-424b-9868-57a2d4851a1d" relativeResultsDirectory="cd7a07cc-d97a-40e7-829d-3063117cabff" />
    <UnitTestResult executionId="771cd9af-a86b-4e53-9b7c-4eaf9586fc6d" testId="8dd545e9-90d2-f2f6-79c5-cefa52f1ba34" testName="YouTubeCLI.Tests.Commands.EndCommandTests.CreateArgs_WithVariousIdFormats_ShouldIncludeIdArgument(id: &quot;abc-def-ghi&quot;)" computerName="runnervmf2e7y" duration="00:00:00.0000153" startTime="2025-11-05T05:11:10.2254912+00:00" endTime="2025-11-05T05:11:10.2254913+00:00" testType="13cdc9d9-ddb5-4fa4-a97d-d965ccfc6d4b" outcome="Passed" testListId="8c84fa94-04c1-424b-9868-57a2d4851a1d" relativeResultsDirectory="771cd9af-a86b-4e53-9b7c-4eaf9586fc6d" />
    <UnitTestResult executionId="95a17c62-6c73-4041-8b33-5732a2e1acea" testId="e299a967-be26-7923-4070-eb17eb3c94bc" testName="YouTubeCLI.Tests.Libraries.YouTubeLibraryTests.BuildBroadCast_WithPastStartDate_ShouldThrowArgumentException" computerName="runnervmf2e7y" duration="00:00:00.0103208" startTime="2025-11-05T05:11:10.3122791+00:00" endTime="2025-11-05T05:11:10.3122792+00:00" testType="13cdc9d9-ddb5-4fa4-a97d-d965ccfc6d4b" outcome="Passed" testListId="8c84fa94-04c1-424b-9868-57a2d4851a1d" relativeResultsDirectory="95a17c62-6c73-4041-8b33-5732a2e1acea" />
    <UnitTestResult executionId="6c049fb7-fbd4-4f30-a32b-77c69b70f14e" testId="24cbf012-a3b6-fca5-ee20-5269f630ab4d" testName="YouTubeCLI.Tests.Commands.CreateCommandComprehensiveTests.CreateArgs_WithFutureDate_ShouldHandleCorrectly" computerName="runnervmf2e7y" duration="00:00:00.0002235" startTime="2025-11-05T05:11:10.2940281+00:00" endTime="2025-11-05T05:11:10.2940282+00:00" testType="13cdc9d9-ddb5-4fa4-a97d-d965ccfc6d4b" outcome="Passed" testListId="8c84fa94-04c1-424b-9868-57a2d4851a1d" relativeResultsDirectory="6c049fb7-fbd4-4f30-a32b-77c69b70f14e" />
    <UnitTestResult executionId="6c580323-5ccb-49c5-b144-0af5b8b5503c" testId="49d42859-4432-041c-98c5-472a3a269a8a" testName="YouTubeCLI.Tests.Commands.CreateCommandComprehensiveTests.CreateArgs_WithWhitespaceId_ShouldNotIncludeIdArgument(id: &quot;   &quot;)" computerName="runnervmf2e7y" duration="00:00:00.0000088" startTime="2025-11-05T05:11:10.2914755+00:00" endTime="2025-11-05T05:11:10.2914756+00:00" testType="13cdc9d9-ddb5-4fa4-a97d-d965ccfc6d4b" outcome="Passed" testListId="8c84fa94-04c1-424b-9868-57a2d4851a1d" relativeResultsDirectory="6c580323-5ccb-49c5-b144-0af5b8b5503c" />
    <UnitTestResult executionId="1a242ac6-8a54-4fe0-8f53-3ef499021a33" testId="4febd709-9994-a676-2334-d357a17029d7" testName="YouTubeCLI.Tests.Commands.EndCommandTests.CreateArgs_WithSingleId_ShouldIncludeIdArgument" computerName="runnervmf2e7y" duration="00:00:00.0009010" startTime="2025-11-05T05:11:10.2259774+00:00" endTime="2025-11-05T05:11:10.2259775+00:00" testType="13cdc9d9-ddb5-4fa4-a97d-d965ccfc6d4b" outcome="Passed" testListId="8c84fa94-04c1-424b-9868-57a2d4851a1d" relativeResultsDirectory="1a242ac6-8a54-4fe0-8f53-3ef499021a33" />
    <UnitTestResult executionId="27c03307-8ec3-45ca-9925-ed83c7bbcc9d" testId="6aa6a2ca-b35b-b671-1938-489e93494dc2" testName="YouTubeCLI.Tests.Commands.EndCommandTests.CreateArgs_WithNullId_ShouldNotIncludeIdArgument" computerName="runnervmf2e7y" duration="00:00:00.0001447" startTime="2025-11-05T05:11:10.2040344+00:00" endTime="2025-11-05T05:11:10.2040344+00:00" testType="13cdc9d9-ddb5-4fa4-a97d-d965ccfc6d4b" outcome="Passed" testListId="8c84fa94-04c1-424b-9868-57a2d4851a1d" relativeResultsDirectory="27c03307-8ec3-45ca-9925-ed83c7bbcc9d" />
    <UnitTestResult executionId="4f37b1e6-9b35-4fe4-938f-4fee620556e1" testId="39b9a8be-116d-eaa7-2a21-9bd72b9fd0cd" testName="YouTubeCLI.Tests.Utilities.OSDetectionTests.NormalizePath_ShouldNormalizePathCorrectly(input: &quot;path/to/file.png&quot;, expected: &quot;path/to/file.png&quot;)" computerName="runnervmf2e7y" duration="00:00:00.0001455" startTime="2025-11-05T05:11:10.2753113+00:00" endTime="2025-11-05T05:11:10.2753114+00:00" testType="13cdc9d9-ddb5-4fa4-a97d-d965ccfc6d4b" outcome="Passed" testListId="8c84fa94-04c1-424b-9868-57a2d4851a1d" relativeResultsDirectory="4f37b1e6-9b35-4fe4-938f-4fee620556e1" />
    <UnitTestResult executionId="eb93ab48-faa5-4c34-8c6f-20eeaed65166" testId="5b73c7bb-3b04-8146-1eeb-f0d2e9fc12ef" testName="YouTubeCLI.Tests.Commands.CreateCommandTests.CreateCommand_BroadcastPrivacy_AllValidValuesSupported(privacyValue: &quot;public&quot;)" computerName="runnervmf2e7y" duration="00:00:00.0001655" startTime="2025-11-05T05:11:10.2746895+00:00" endTime="2025-11-05T05:11:10.2746895+00:00" testType="13cdc9d9-ddb5-4fa4-a97d-d965ccfc6d4b" outcome="Passed" testListId="8c84fa94-04c1-424b-9868-57a2d4851a1d" relativeResultsDirectory="eb93ab48-faa5-4c34-8c6f-20eeaed65166" />
    <UnitTestResult executionId="b21c0232-a705-4540-a3ad-aa73db430cec" testId="2b8586c1-fbe9-6740-7778-89678a39665f" testName="YouTubeCLI.Tests.Commands.EnumAndConstantsTests.OutputOptionsEnum_ShouldHaveCorrectStringRepresentation(output: Hourly, expectedString: &quot;Hourly&quot;)" computerName="runnervmf2e7y" duration="00:00:00.0002380" startTime="2025-11-05T05:11:10.2022659+00:00" endTime="2025-11-05T05:11:10.2022660+00:00" testType="13cdc9d9-ddb5-4fa4-a97d-d965ccfc6d4b" outcome="Passed" testListId="8c84fa94-04c1-424b-9868-57a2d4851a1d" relativeResultsDirectory="b21c0232-a705-4540-a3ad-aa73db430cec" />
    <UnitTestResult executionId="8c745b89-17e5-4404-9af0-af996ab4c4ce" testId="1edb9c01-e7ab-5ce7-dab6-b69deafb3561" testName="YouTubeCLI.Tests.Commands.CommandLineIntegrationTests.Command_ShouldHaveValidName(commandName: &quot;update&quot;)" computerName="runnervmf2e7y" duration="00:00:00.0000031" startTime="2025-11-05T05:11:10.2620402+00:00" endTime="2025-11-05T05:11:10.2620403+00:00" testType="13cdc9d9-ddb5-4fa4-a97d-d965ccfc6d4b" outcome="Passed" testListId="8c84fa94-04c1-424b-9868-57a2d4851a1d" relativeResultsDirectory="8c745b89-17e5-4404-9af0-af996ab4c4ce" />
    <UnitTestResult executionId="b349389e-8257-445c-b0ca-e09465c82194" testId="1db57357-c042-00de-2241-2a09424bbd58" testName="YouTubeCLI.Tests.Commands.EdgeCaseTests.EndCommand_WithWhitespaceArguments_ShouldHandleGracefully(whitespace: &quot;\t&quot;)" computerName="runnervmf2e7y" duration="00:00:00.0001532" startTime="2025-11-05T05:11:10.2304918+00:00" endTime="2025-11-05T05:11:10.2304919+00:00" testType="13cdc9d9-ddb5-4fa4-a97d-d965ccfc6d4b" outcome="Passed" testListId="8c84fa94-04c1-424b-9868-57a2d4851a1d" relativeResultsDirectory="b349389e-8257-445c-b0ca-e09465c82194" />
    <UnitTestResult executionId="6c9505c7-a7a9-4dcf-b9fd-6c490f624e9e" testId="4aa7e4dd-5ad7-be0d-cb3f-d3b00e82c573" testName="YouTubeCLI.Tests.Commands.EdgeCaseTests.UpdateCommand_WithNullOptionalValues_ShouldNotIncludeThem" computerName="runnervmf2e7y" duration="00:00:00.0008239" startTime="2025-11-05T05:11:10.2133094+00:00" endTime="2025-11-05T05:11:10.2133095+00:00" testType="13cdc9d9-ddb5-4fa4-a97d-d965ccfc6d4b" outcome="Passed" testListId="8c84fa94-04c1-424b-9868-57a2d4851a1d" relativeResultsDirectory="6c9505c7-a7a9-4dcf-b9fd-6c490f624e9e" />
    <UnitTestResult executionId="ad43d195-381a-4088-aeb8-af2c44118cf6" testId="4e74646f-9e9b-228f-a518-04cc76b47e01" testName="YouTubeCLI.Tests.ProgramTests.GetVersion_ShouldReturnValidVersion" computerName="runnervmf2e7y" duration="00:00:00.0014591" startTime="2025-11-05T05:11:10.2972001+00:00" endTime="2025-11-05T05:11:10.2972002+00:00" testType="13cdc9d9-ddb5-4fa4-a97d-d965ccfc6d4b" outcome="Passed" testListId="8c84fa94-04c1-424b-9868-57a2d4851a1d" relativeResultsDirectory="ad43d195-381a-4088-aeb8-af2c44118cf6" />
    <UnitTestResult executionId="11a51e50-8c1a-429f-b821-599a2cdfa7b1" testId="3cad9224-2047-a946-79c2-15a0d94fe406" testName="YouTubeCLI.Tests.Commands.CommandLineParsingTests.CreateCommand_ShouldHaveCorrectAttributes" computerName="runnervmf2e7y" duration="00:00:00.0001655" startTime="2025-11-05T05:11:10.2417966+00:00" endTime="2025-11-05T05:11:10.2417967+00:00" testType="13cdc9d9-ddb5-4fa4-a97d-d965ccfc6d4b" outcome="Passed" testListId="8c84fa94-04c1-424b-9868-57a2d4851a1d" relativeResultsDirectory="11a51e50-8c1a-429f-b821-599a2cdfa7b1" />
    <UnitTestResult executionId="4498fcaf-5277-479b-9df9-5b1bc09a6480" testId="3ab2864c-4ce6-f678-fee3-639750c6d50d" testName="YouTubeCLI.Tests.Commands.CommandLineIntegrationTests.UpdateCommand_WithShortFlags_ShouldParseCorrectly" computerName="runnervmf2e7y" duration="00:00:00.0008484" startTime="2025-11-05T05:11:10.2670801+00:00" endTime="2025-11-05T05:11:10.2670802+00:00" testType="13cdc9d9-ddb5-4fa4-a97d-d965ccfc6d4b" outcome="Passed" testListId="8c84fa94-04c1-424b-9868-57a2d4851a1d" relativeResultsDirectory="4498fcaf-5277-479b-9df9-5b1bc09a6480" />
    <UnitTestResult executionId="b86ab5d9-4db0-40a2-bb44-554c33a4ebf2" testId="626f14ea-4ee1-eacf-0139-22bc990a08c8" testName="YouTubeCLI.Tests.Commands.EnumAndConstantsTests.Constants_COLUMNS_ShouldContainAllColumnNames" computerName="runnervmf2e7y" duration="00:00:00.0558443" startTime="2025-11-05T05:11:10.3094925+00:00" endTime="2025-11-05T05:11:10.3094926+00:00" testType="13cdc9d9-ddb5-4fa4-a97d-d965ccfc6d4b" outcome="Passed" testListId="8c84fa94-04c1-424b-9868-57a2d4851a1d" relativeResultsDirectory="b86ab5d9-4db0-40a2-bb44-554c33a4ebf2" />
    <UnitTestResult executionId="da7de704-a7e3-426e-89e5-ed9811307a9d" testId="f18fd2a2-b8ac-e047-a442-77d9231ad2b1" testName="YouTubeCLI.Tests.Commands.EndCommandTests.CreateArgs_WithVariousIdFormats_ShouldIncludeIdArgument(id: &quot;1234567890&quot;)" computerName="runnervmf2e7y" duration="00:00:00.0028881" startTime="2025-11-05T05:11:10.2156825+00:00" endTime="2025-11-05T05:11:10.2156826+00:00" testType="13cdc9d9-ddb5-4fa4-a97d-d965ccfc6d4b" outcome="Passed" testListId="8c84fa94-04c1-424b-9868-57a2d4851a1d" relativeResultsDirectory="da7de704-a7e3-426e-89e5-ed9811307a9d" />
    <UnitTestResult executionId="5f27f2d9-3335-40eb-8fd9-334fdd73b9ce" testId="7490ae70-eee2-45eb-da54-420d93684dff" testName="YouTubeCLI.Tests.Libraries.BroadcastLibraryTests.GetBroadcasts_WithValidJsonFile_ShouldReturnBroadcasts" computerName="runnervmf2e7y" duration="00:00:00.0821597" startTime="2025-11-05T05:11:10.3109054+00:00" endTime="2025-11-05T05:11:10.3109054+00:00" testType="13cdc9d9-ddb5-4fa4-a97d-d965ccfc6d4b" outcome="Passed" testListId="8c84fa94-04c1-424b-9868-57a2d4851a1d" relativeResultsDirectory="5f27f2d9-3335-40eb-8fd9-334fdd73b9ce" />
    <UnitTestResult executionId="b8f7a4f2-1f85-4a1f-a9be-cc64dfd88461" testId="1624d82d-5afa-7dfa-f072-e14b1194d985" testName="YouTubeCLI.Tests.Commands.UpdateCommandTests.Privacy_CaseInsensitiveParsing_ShouldParseCorrectly(privacyString: &quot;PUBLIC&quot;, expectedValue: Public)" computerName="runnervmf2e7y" duration="00:00:00.0000039" startTime="2025-11-05T05:11:10.2856258+00:00" endTime="2025-11-05T05:11:10.2856259+00:00" testType="13cdc9d9-ddb5-4fa4-a97d-d965ccfc6d4b" outcome="Passed" testListId="8c84fa94-04c1-424b-9868-57a2d4851a1d" relativeResultsDirectory="b8f7a4f2-1f85-4a1f-a9be-cc64dfd88461" />
    <UnitTestResult executionId="2740278e-c200-4843-bd55-bf9fd2555c49" testId="30939f19-60a4-82f5-14ea-3d91bb116d1e" testName="YouTubeCLI.Tests.Commands.UpdateCommandTests.Privacy_CaseInsensitiveParsing_ShouldParseCorrectly(privacyString: &quot;private&quot;, expectedValue: Private)" computerName="runnervmf2e7y" duration="00:00:00.0000088" startTime="2025-11-05T05:11:10.2844931+00:00" endTime="2025-11-05T05:11:10.2844932+00:00" testType="13cdc9d9-ddb5-4fa4-a97d-d965ccfc6d4b" outcome="Passed" testListId="8c84fa94-04c1-424b-9868-57a2d4851a1d" relativeResultsDirectory="2740278e-c200-4843-bd55-bf9fd2555c49" />
    <UnitTestResult executionId="f2826f15-3c95-4cb0-b1eb-8f7f70182f1e" testId="acf9694a-b5a8-4517-8fa2-e2484adf1228" testName="YouTubeCLI.Tests.Commands.CommandLineIntegrationTests.CreateCommand_WithMinimalArguments_ShouldParseCorrectly" computerName="runnervmf2e7y" duration="00:00:00.0002227" startTime="2025-11-05T05:11:10.2807712+00:00" endTime="2025-11-05T05:11:10.2807713+00:00" testType="13cdc9d9-ddb5-4fa4-a97d-d965ccfc6d4b" outcome="Passed" testListId="8c84fa94-04c1-424b-9868-57a2d4851a1d" relativeResultsDirectory="f2826f15-3c95-4cb0-b1eb-8f7f70182f1e" />
    <UnitTestResult executionId="b48a9401-fa0b-47c0-8849-90266cd9c8de" testId="98235b28-e64d-a0ba-5eff-9a42461d7e0e" testName="YouTubeCLI.Tests.Commands.CommandLineIntegrationTests.ListCommand_WithUpcomingFlag_ShouldParseCorrectly" computerName="runnervmf2e7y" duration="00:00:00.0001290" startTime="2025-11-05T05:11:10.2655037+00:00" endTime="2025-11-05T05:11:10.2655038+00:00" testType="13cdc9d9-ddb5-4fa4-a97d-d965ccfc6d4b" outcome="Passed" testListId="8c84fa94-04c1-424b-9868-57a2d4851a1d" relativeResultsDirectory="b48a9401-fa0b-47c0-8849-90266cd9c8de" />
    <UnitTestResult executionId="06fe5ae6-a093-4992-92e2-7d586041224c" testId="bd0cb797-ee84-c6bc-8cf9-72c83a1c1c83" testName="YouTubeCLI.Tests.Commands.EdgeCaseTests.UpdateCommand_WithWhitespaceArguments_ShouldHandleGracefully(whitespace: &quot;   &quot;)" computerName="runnervmf2e7y" duration="00:00:00.0001735" startTime="2025-11-05T05:11:10.2357597+00:00" endTime="2025-11-05T05:11:10.2357598+00:00" testType="13cdc9d9-ddb5-4fa4-a97d-d965ccfc6d4b" outcome="Passed" testListId="8c84fa94-04c1-424b-9868-57a2d4851a1d" relativeResultsDirectory="06fe5ae6-a093-4992-92e2-7d586041224c" />
    <UnitTestResult executionId="3f8f89dc-87c1-4c4c-b983-54be93b89f29" testId="119646f5-ced6-425e-4b3e-3e83c0f70d04" testName="YouTubeCLI.Tests.Models.LiveBroadcastInfoTests.LiveBroadcastInfo_Link_ShouldUseUrlProperty" computerName="runnervmf2e7y" duration="00:00:00.0005480" startTime="2025-11-05T05:11:10.2545723+00:00" endTime="2025-11-05T05:11:10.2545723+00:00" testType="13cdc9d9-ddb5-4fa4-a97d-d965ccfc6d4b" outcome="Passed" testListId="8c84fa94-04c1-424b-9868-57a2d4851a1d" relativeResultsDirectory="3f8f89dc-87c1-4c4c-b983-54be93b89f29" />
    <UnitTestResult executionId="cb913245-8f66-4c1a-b513-49a3688460a0" testId="0c6c5552-cd9a-68a9-8c68-09ae9a2b666b" testName="YouTubeCLI.Tests.Models.LiveBroadcastInfoTests.LiveBroadcastInfo_AutoStartAndAutoStop_ShouldAcceptBooleanValues(autoStart: True, autoStop: True)" computerName="runnervmf2e7y" duration="00:00:00.0000181" startTime="2025-11-05T05:11:10.2428703+00:00" endTime="2025-11-05T05:11:10.2428704+00:00" testType="13cdc9d9-ddb5-4fa4-a97d-d965ccfc6d4b" outcome="Passed" testListId="8c84fa94-04c1-424b-9868-57a2d4851a1d" relativeResultsDirectory="cb913245-8f66-4c1a-b513-49a3688460a0" />
    <UnitTestResult executionId="4342c895-1729-4958-86b4-a222e21cb1e6" testId="6d17cc6a-342c-6783-5a53-c76d29f42cbd" testName="YouTubeCLI.Tests.Commands.CreateCommandComprehensiveTests.CreateArgs_WithVariousIdFormats_ShouldIncludeIdArgument(id: &quot;1234567890&quot;)" computerName="runnervmf2e7y" duration="00:00:00.0010275" startTime="2025-11-05T05:11:10.2917494+00:00" endTime="2025-11-05T05:11:10.2917494+00:00" testType="13cdc9d9-ddb5-4fa4-a97d-d965ccfc6d4b" outcome="Passed" testListId="8c84fa94-04c1-424b-9868-57a2d4851a1d" relativeResultsDirectory="4342c895-1729-4958-86b4-a222e21cb1e6" />
    <UnitTestResult executionId="cfc8bba7-05d9-4c6e-9169-176d1e7701f9" testId="76fd9a76-2f55-ea72-30e1-eefde170d681" testName="YouTubeCLI.Tests.Commands.CommandLineIntegrationTests.Command_ShouldHaveValidName(commandName: &quot;create&quot;)" computerName="runnervmf2e7y" duration="00:00:00.0003789" startTime="2025-11-05T05:11:10.2606440+00:00" endTime="2025-11-05T05:11:10.2606441+00:00" testType="13cdc9d9-ddb5-4fa4-a97d-d965ccfc6d4b" outcome="Passed" testListId="8c84fa94-04c1-424b-9868-57a2d4851a1d" relativeResultsDirectory="cfc8bba7-05d9-4c6e-9169-176d1e7701f9" />
    <UnitTestResult executionId="97c1c8b4-7a8c-48cc-811f-4b2042429ed9" testId="42db481d-1f2b-8bab-b7f0-3d602eb8d38a" testName="YouTubeCLI.Tests.Commands.CreateCommandTests.CreateArgs_WithoutOptionalArguments_ShouldNotIncludeThem" computerName="runnervmf2e7y" duration="00:00:00.0049790" startTime="2025-11-05T05:11:10.2664283+00:00" endTime="2025-11-05T05:11:10.2664284+00:00" testType="13cdc9d9-ddb5-4fa4-a97d-d965ccfc6d4b" outcome="Passed" testListId="8c84fa94-04c1-424b-9868-57a2d4851a1d" relativeResultsDirectory="97c1c8b4-7a8c-48cc-811f-4b2042429ed9" />
    <UnitTestResult executionId="ffed6e76-c67a-4636-b7f4-60385efdba7a" testId="ca629e0a-901d-2d24-0561-b1efc6a1dc51" testName="YouTubeCLI.Tests.Commands.CreateCommandTests.Broadcast_Privacy_WithInvalidValues_ShouldNotMatchValidOptions(invalidPrivacy: &quot;Secret&quot;)" computerName="runnervmf2e7y" duration="00:00:00.0001379" startTime="2025-11-05T05:11:10.2775887+00:00" endTime="2025-11-05T05:11:10.2775888+00:00" testType="13cdc9d9-ddb5-4fa4-a97d-d965ccfc6d4b" outcome="Passed" testListId="8c84fa94-04c1-424b-9868-57a2d4851a1d" relativeResultsDirectory="ffed6e76-c67a-4636-b7f4-60385efdba7a" />
    <UnitTestResult executionId="f439fe8f-2f16-47ff-aa51-ead570fca517" testId="2b9b5fb6-f0a7-b0e4-cc95-40f5c81c6452" testName="YouTubeCLI.Tests.Commands.EdgeCaseTests.CreateCommand_WithPastDate_ShouldHandleCorrectly" computerName="runnervmf2e7y" duration="00:00:00.0002121" startTime="2025-11-05T05:11:10.2319858+00:00" endTime="2025-11-05T05:11:10.2319859+00:00" testType="13cdc9d9-ddb5-4fa4-a97d-d965ccfc6d4b" outcome="Passed" testListId="8c84fa94-04c1-424b-9868-57a2d4851a1d" relativeResultsDirectory="f439fe8f-2f16-47ff-aa51-ead570fca517" />
    <UnitTestResult executionId="fe94005c-dfd9-494f-b4fb-044ab94841ce" testId="7a41dddd-fc7e-2cb1-1e09-4d22c5961c50" testName="YouTubeCLI.Tests.Commands.EnumAndConstantsTests.OutputOptionsEnum_ShouldSupportEnumParsing" computerName="runnervmf2e7y" duration="00:00:00.0003212" startTime="2025-11-05T05:11:10.3107573+00:00" endTime="2025-11-05T05:11:10.3107574+00:00" testType="13cdc9d9-ddb5-4fa4-a97d-d965ccfc6d4b" outcome="Passed" testListId="8c84fa94-04c1-424b-9868-57a2d4851a1d" relativeResultsDirectory="fe94005c-dfd9-494f-b4fb-044ab94841ce" />
    <UnitTestResult executionId="4fc907e4-f645-4c10-89d4-e9945de170f1" testId="6223eb7c-476f-8dd8-d2fd-513358d469fa" testName="YouTubeCLI.Tests.Models.LiveBroadcastInfoTests.LiveBroadcastInfo_AutoStartAndAutoStop_ShouldAcceptBooleanValues(autoStart: True, autoStop: False)" computerName="runnervmf2e7y" duration="00:00:00.0002335" startTime="2025-11-05T05:11:10.2423309+00:00" endTime="2025-11-05T05:11:10.2423310+00:00" testType="13cdc9d9-ddb5-4fa4-a97d-d965ccfc6d4b" outcome="Passed" testListId="8c84fa94-04c1-424b-9868-57a2d4851a1d" relativeResultsDirectory="4fc907e4-f645-4c10-89d4-e9945de170f1" />
    <UnitTestResult executionId="bcae7e2b-9d36-4911-a480-1d40b92c3a19" testId="8506399a-2190-1924-924a-709ed9e15d36" testName="YouTubeCLI.Tests.Commands.ListCommandTests.CreateArgs_WithNullClientSecrets_ShouldNotIncludeClientSecrets" computerName="runnervmf2e7y" duration="00:00:00.0001518" startTime="2025-11-05T05:11:10.2631231+00:00" endTime="2025-11-05T05:11:10.2631232+00:00" testType="13cdc9d9-ddb5-4fa4-a97d-d965ccfc6d4b" outcome="Passed" testListId="8c84fa94-04c1-424b-9868-57a2d4851a1d" relativeResultsDirectory="bcae7e2b-9d36-4911-a480-1d40b92c3a19" />
    <UnitTestResult executionId="6ccfd9c3-d685-4ff6-915c-c8a1a2e400ff" testId="809dabdf-8a0d-e313-ec1d-a28107f8bfcd" testName="YouTubeCLI.Tests.Commands.UpdateCommandTests.Privacy_WithInvalidValue_ShouldThrowArgumentException(invalidValue: &quot;Secret&quot;)" computerName="runnervmf2e7y" duration="00:00:00.0004631" startTime="2025-11-05T05:11:10.3004747+00:00" endTime="2025-11-05T05:11:10.3004748+00:00" testType="13cdc9d9-ddb5-4fa4-a97d-d965ccfc6d4b" outcome="Passed" testListId="8c84fa94-04c1-424b-9868-57a2d4851a1d" relativeResultsDirectory="6ccfd9c3-d685-4ff6-915c-c8a1a2e400ff" />
    <UnitTestResult executionId="ecdfb6eb-1525-4d1a-967e-3dd6f61508fb" testId="a81dbc0a-b936-85d5-dbb9-ce3e859c6202" testName="YouTubeCLI.Tests.Commands.UpdateCommandTests.CreateArgs_WithAutoStartFalse_ShouldIncludeAutoStartArgument" computerName="runnervmf2e7y" duration="00:00:00.0002601" startTime="2025-11-05T05:11:10.3079917+00:00" endTime="2025-11-05T05:11:10.3079918+00:00" testType="13cdc9d9-ddb5-4fa4-a97d-d965ccfc6d4b" outcome="Passed" testListId="8c84fa94-04c1-424b-9868-57a2d4851a1d" relativeResultsDirectory="ecdfb6eb-1525-4d1a-967e-3dd6f61508fb" />
    <UnitTestResult executionId="00755672-11e7-4f09-9b7c-4add55cfa95b" testId="93a89c69-6ee0-a060-5a5e-1bee1044774f" testName="YouTubeCLI.Tests.Commands.CreateCommandTests.Broadcast_Privacy_WithValidValues_ShouldBeAccepted(privacyValue: &quot;UNLISTED&quot;)" computerName="runnervmf2e7y" duration="00:00:00.0000248" startTime="2025-11-05T05:11:10.2485042+00:00" endTime="2025-11-05T05:11:10.2485043+00:00" testType="13cdc9d9-ddb5-4fa4-a97d-d965ccfc6d4b" outcome="Passed" testListId="8c84fa94-04c1-424b-9868-57a2d4851a1d" relativeResultsDirectory="00755672-11e7-4f09-9b7c-4add55cfa95b" />
    <UnitTestResult executionId="ef068a12-36c8-471f-938a-dc6c20c06054" testId="c2bb4204-7083-823d-72c1-a6cd3c8e0ba1" testName="YouTubeCLI.Tests.Commands.CreateCommandTests.Broadcast_Privacy_ToLowerCase_ShouldProduceCorrectValue(inputPrivacy: &quot;PRIVATE&quot;, expectedLowercase: &quot;private&quot;)" computerName="runnervmf2e7y" duration="00:00:00.0000065" startTime="2025-11-05T05:11:10.2713718+00:00" endTime="2025-11-05T05:11:10.2713718+00:00" testType="13cdc9d9-ddb5-4fa4-a97d-d965ccfc6d4b" outcome="Passed" testListId="8c84fa94-04c1-424b-9868-57a2d4851a1d" relativeResultsDirectory="ef068a12-36c8-471f-938a-dc6c20c06054" />
    <UnitTestResult executionId="89f41454-89ce-4ee4-bd78-a0c1918d4c39" testId="3b5d3e26-41c5-1dc0-aea0-69b433661abf" testName="YouTubeCLI.Tests.Commands.CommandsBaseTests.CreateArgs_ShouldReturnEmptyListByDefault" computerName="runnervmf2e7y" duration="00:00:00.0042597" startTime="2025-11-05T05:11:10.2538655+00:00" endTime="2025-11-05T05:11:10.2538656+00:00" testType="13cdc9d9-ddb5-4fa4-a97d-d965ccfc6d4b" outcome="Passed" testListId="8c84fa94-04c1-424b-9868-57a2d4851a1d" relativeResultsDirectory="89f41454-89ce-4ee4-bd78-a0c1918d4c39" />
    <UnitTestResult executionId="c3ee26ea-76d0-4d7f-87a9-396d20287158" testId="6459eb0a-ab91-ded2-8f31-4f9ed1cea2e3" testName="YouTubeCLI.Tests.Commands.CommandLineIntegrationTests.ListCommand_WithMinimalArguments_ShouldParseCorrectly" computerName="runnervmf2e7y" duration="00:00:00.0001399" startTime="2025-11-05T05:11:10.2634456+00:00" endTime="2025-11-05T05:11:10.2634457+00:00" testType="13cdc9d9-ddb5-4fa4-a97d-d965ccfc6d4b" outcome="Passed" testListId="8c84fa94-04c1-424b-9868-57a2d4851a1d" relativeResultsDirectory="c3ee26ea-76d0-4d7f-87a9-396d20287158" />
    <UnitTestResult executionId="462cf5a4-88cd-4b6c-a292-2ed1ba85e472" testId="da1efea1-64ae-b52e-da22-15426a257ec1" testName="YouTubeCLI.Tests.Commands.EnumAndConstantsTests.OutputOptionsEnum_ShouldHaveCorrectStringRepresentation(output: Monthly, expectedString: &quot;Monthly&quot;)" computerName="runnervmf2e7y" duration="00:00:00.0000079" startTime="2025-11-05T05:11:10.2044474+00:00" endTime="2025-11-05T05:11:10.2044475+00:00" testType="13cdc9d9-ddb5-4fa4-a97d-d965ccfc6d4b" outcome="Passed" testListId="8c84fa94-04c1-424b-9868-57a2d4851a1d" relativeResultsDirectory="462cf5a4-88cd-4b6c-a292-2ed1ba85e472" />
    <UnitTestResult executionId="2065e20c-d527-40eb-ab35-6fc2f2a8dfeb" testId="5ae56b0f-ec9b-5c78-18e9-5ec24aa76dba" testName="YouTubeCLI.Tests.Models.LinkDetailsTests.LinkDetails_EmbeddedCode_ShouldGenerateCorrectIframeHtml" computerName="runnervmf2e7y" duration="00:00:00.0002066" startTime="2025-11-05T05:11:10.2874002+00:00" endTime="2025-11-05T05:11:10.2874002+00:00" testType="13cdc9d9-ddb5-4fa4-a97d-d965ccfc6d4b" outcome="Passed" testListId="8c84fa94-04c1-424b-9868-57a2d4851a1d" relativeResultsDirectory="2065e20c-d527-40eb-ab35-6fc2f2a8dfeb" />
    <UnitTestResult executionId="b8e05535-3b99-4448-b8d2-22f4a809e705" testId="ab4db811-499b-628e-39ef-264e39422b5d" testName="YouTubeCLI.Tests.Commands.UpdateCommandTests.Privacy_CaseInsensitiveParsing_ShouldParseCorrectly(privacyString: &quot;Unlisted&quot;, expectedValue: Unlisted)" computerName="runnervmf2e7y" duration="00:00:00.0000237" startTime="2025-11-05T05:11:10.2841441+00:00" endTime="2025-11-05T05:11:10.2841442+00:00" testType="13cdc9d9-ddb5-4fa4-a97d-d965ccfc6d4b" outcome="Passed" testListId="8c84fa94-04c1-424b-9868-57a2d4851a1d" relativeResultsDirectory="b8e05535-3b99-4448-b8d2-22f4a809e705" />
    <UnitTestResult executionId="a186e2b4-132e-4d0a-a53c-4eabfd539fe3" testId="3d3c4227-4f37-4155-cdc5-32338723ee87" testName="YouTubeCLI.Tests.Commands.CreateCommandTests.Broadcast_Privacy_WithValidValues_ShouldBeAccepted(privacyValue: &quot;unlisted&quot;)" computerName="runnervmf2e7y" duration="00:00:00.0016438" startTime="2025-11-05T05:11:10.2462335+00:00" endTime="2025-11-05T05:11:10.2462335+00:00" testType="13cdc9d9-ddb5-4fa4-a97d-d965ccfc6d4b" outcome="Passed" testListId="8c84fa94-04c1-424b-9868-57a2d4851a1d" relativeResultsDirectory="a186e2b4-132e-4d0a-a53c-4eabfd539fe3" />
    <UnitTestResult executionId="56629bc8-234f-470a-bcff-3081db93fedd" testId="2c536c9c-c183-85b6-635f-8493ac5505de" testName="YouTubeCLI.Tests.Libraries.YouTubeLibraryTests.BuildBroadCast_WithFutureStartDate_ShouldNotThrowArgumentException" computerName="runnervmf2e7y" duration="00:00:00.0019727" startTime="2025-11-05T05:11:10.3116196+00:00" endTime="2025-11-05T05:11:10.3116196+00:00" testType="13cdc9d9-ddb5-4fa4-a97d-d965ccfc6d4b" outcome="Passed" testListId="8c84fa94-04c1-424b-9868-57a2d4851a1d" relativeResultsDirectory="56629bc8-234f-470a-bcff-3081db93fedd" />
    <UnitTestResult executionId="c64b559e-f833-4a77-bc8a-d0ac60f47c0e" testId="dd672179-defc-5cf3-ac95-4c7e133f6ad0" testName="YouTubeCLI.Tests.Commands.EdgeCaseTests.CreateCommand_WithFutureDate_ShouldHandleCorrectly" computerName="runnervmf2e7y" duration="00:00:00.0022611" startTime="2025-11-05T05:11:10.2275611+00:00" endTime="2025-11-05T05:11:10.2275612+00:00" testType="13cdc9d9-ddb5-4fa4-a97d-d965ccfc6d4b" outcome="Passed" testListId="8c84fa94-04c1-424b-9868-57a2d4851a1d" relativeResultsDirectory="c64b559e-f833-4a77-bc8a-d0ac60f47c0e" />
    <UnitTestResult executionId="7a8e62b3-988d-4d0e-9e97-b1d46b27be6a" testId="8f5e3794-44a5-292b-ac8d-7749fd7ce01a" testName="YouTubeCLI.Tests.Commands.CreateCommandTests.Broadcast_Privacy_WithInvalidValues_ShouldNotMatchValidOptions(invalidPrivacy: &quot;Protected&quot;)" computerName="runnervmf2e7y" duration="00:00:00.0001451" startTime="2025-11-05T05:11:10.2772261+00:00" endTime="2025-11-05T05:11:10.2772262+00:00" testType="13cdc9d9-ddb5-4fa4-a97d-d965ccfc6d4b" outcome="Passed" testListId="8c84fa94-04c1-424b-9868-57a2d4851a1d" relativeResultsDirectory="7a8e62b3-988d-4d0e-9e97-b1d46b27be6a" />
    <UnitTestResult executionId="404ff809-faa1-4327-b1f1-a167bcbbfb45" testId="1abb0ccd-e93a-829a-b72a-4355712dd141" testName="YouTubeCLI.Tests.Commands.CommandsBaseTests.CreateArgs_WithTestModeTrue_ShouldIncludeTestMode" computerName="runnervmf2e7y" duration="00:00:00.0003789" startTime="2025-11-05T05:11:10.2564384+00:00" endTime="2025-11-05T05:11:10.2564385+00:00" testType="13cdc9d9-ddb5-4fa4-a97d-d965ccfc6d4b" outcome="Passed" testListId="8c84fa94-04c1-424b-9868-57a2d4851a1d" relativeResultsDirectory="404ff809-faa1-4327-b1f1-a167bcbbfb45" />
    <UnitTestResult executionId="956eb4fc-6365-4723-9591-6d2c015201bb" testId="665bdb32-de54-9864-a12b-e3d97021ab9d" testName="YouTubeCLI.Tests.Commands.EnumAndConstantsTests.OutputOptionsEnum_ShouldHaveCorrectStringRepresentation(output: Single, expectedString: &quot;Single&quot;)" computerName="runnervmf2e7y" duration="00:00:00.0000089" startTime="2025-11-05T05:11:10.2034716+00:00" endTime="2025-11-05T05:11:10.2034717+00:00" testType="13cdc9d9-ddb5-4fa4-a97d-d965ccfc6d4b" outcome="Passed" testListId="8c84fa94-04c1-424b-9868-57a2d4851a1d" relativeResultsDirectory="956eb4fc-6365-4723-9591-6d2c015201bb" />
    <UnitTestResult executionId="c70ec438-a02d-4a95-9a6e-2df05e8b606c" testId="5d7a10b3-0d33-a73e-44be-48a46d8c15c9" testName="YouTubeCLI.Tests.Commands.CreateCommandTests.Broadcast_Privacy_ToLowerCase_ShouldProduceCorrectValue(inputPrivacy: &quot;Unlisted&quot;, expectedLowercase: &quot;unlisted&quot;)" computerName="runnervmf2e7y" duration="00:00:00.0001828" startTime="2025-11-05T05:11:10.2680824+00:00" endTime="2025-11-05T05:11:10.2680825+00:00" testType="13cdc9d9-ddb5-4fa4-a97d-d965ccfc6d4b" outcome="Passed" testListId="8c84fa94-04c1-424b-9868-57a2d4851a1d" relativeResultsDirectory="c70ec438-a02d-4a95-9a6e-2df05e8b606c" />
    <UnitTestResult executionId="2e1ba059-bcf7-48b5-918c-58f1cd8696ec" testId="ee5d34dd-7643-7aa1-cb83-97b37ab068e7" testName="YouTubeCLI.Tests.Commands.CommandLineParsingTests.ListCommand_ShouldHaveOptionalOptions" computerName="runnervmf2e7y" duration="00:00:00.0001632" startTime="2025-11-05T05:11:10.2336746+00:00" endTime="2025-11-05T05:11:10.2336747+00:00" testType="13cdc9d9-ddb5-4fa4-a97d-d965ccfc6d4b" outcome="Passed" testListId="8c84fa94-04c1-424b-9868-57a2d4851a1d" relativeResultsDirectory="2e1ba059-bcf7-48b5-918c-58f1cd8696ec" />
    <UnitTestResult executionId="ed38f00c-b5e8-492f-acaa-9e3115ac2c75" testId="c984bdf1-5693-8f1c-1228-4ba1212c5093" testName="YouTubeCLI.Tests.Commands.UpdateCommandTests.CreateArgs_WithValidPrivacyValues_ShouldIncludePrivacyInArgs(privacy: Public)" computerName="runnervmf2e7y" duration="00:00:00.0000132" startTime="2025-11-05T05:11:10.3063210+00:00" endTime="2025-11-05T05:11:10.3063211+00:00" testType="13cdc9d9-ddb5-4fa4-a97d-d965ccfc6d4b" outcome="Passed" testListId="8c84fa94-04c1-424b-9868-57a2d4851a1d" relativeResultsDirectory="ed38f00c-b5e8-492f-acaa-9e3115ac2c75" />
    <UnitTestResult executionId="ace4b698-9fbf-403d-9776-a04b413755b5" testId="c7a76865-1529-05ef-35b3-0e90fedc6d6c" testName="YouTubeCLI.Tests.Models.LiveBroadcastInfoTests.LiveBroadcastInfo_AutoStartAndAutoStop_ShouldAcceptBooleanValues(autoStart: False, autoStop: False)" computerName="runnervmf2e7y" duration="00:00:00.0005687" startTime="2025-11-05T05:11:10.2405667+00:00" endTime="2025-11-05T05:11:10.2405668+00:00" testType="13cdc9d9-ddb5-4fa4-a97d-d965ccfc6d4b" outcome="Passed" testListId="8c84fa94-04c1-424b-9868-57a2d4851a1d" relativeResultsDirectory="ace4b698-9fbf-403d-9776-a04b413755b5" />
    <UnitTestResult executionId="60de450f-57ba-4a8f-b738-3a3656237647" testId="804b0a66-9812-91ab-6cc4-6dc374e87fff" testName="YouTubeCLI.Tests.Commands.CreateCommandComprehensiveTests.CreateArgs_WithVariousDateFormats_ShouldIncludeStartsOnArgument(dateString: &quot;06/15/24&quot;)" computerName="runnervmf2e7y" duration="00:00:00.0001586" startTime="2025-11-05T05:11:10.2883705+00:00" endTime="2025-11-05T05:11:10.2883706+00:00" testType="13cdc9d9-ddb5-4fa4-a97d-d965ccfc6d4b" outcome="Passed" testListId="8c84fa94-04c1-424b-9868-57a2d4851a1d" relativeResultsDirectory="60de450f-57ba-4a8f-b738-3a3656237647" />
    <UnitTestResult executionId="7f43f654-d658-4d8c-b5ca-02a29d9e7989" testId="2123b42d-2294-fde1-5277-15acec2afec7" testName="YouTubeCLI.Tests.Libraries.YouTubeLibraryTests.BuildBroadCast_WithTodayStartDate_ShouldNotThrowArgumentException" computerName="runnervmf2e7y" duration="00:00:00.1187767" startTime="2025-11-05T05:11:10.3113514+00:00" endTime="2025-11-05T05:11:10.3113515+00:00" testType="13cdc9d9-ddb5-4fa4-a97d-d965ccfc6d4b" outcome="Passed" testListId="8c84fa94-04c1-424b-9868-57a2d4851a1d" relativeResultsDirectory="7f43f654-d658-4d8c-b5ca-02a29d9e7989" />
    <UnitTestResult executionId="4df8312b-aca4-4214-aed4-ad25ef7f0e0f" testId="85e6a052-c418-a0d8-cd52-f36f82db52fc" testName="YouTubeCLI.Tests.Commands.EnumAndConstantsTests.PrivacyEnum_ShouldHaveCorrectStringRepresentation(privacy: Unlisted, expectedString: &quot;Unlisted&quot;)" computerName="runnervmf2e7y" duration="00:00:00.0000102" startTime="2025-11-05T05:11:10.2573921+00:00" endTime="2025-11-05T05:11:10.2573922+00:00" testType="13cdc9d9-ddb5-4fa4-a97d-d965ccfc6d4b" outcome="Passed" testListId="8c84fa94-04c1-424b-9868-57a2d4851a1d" relativeResultsDirectory="4df8312b-aca4-4214-aed4-ad25ef7f0e0f" />
    <UnitTestResult executionId="d7c25d3b-4a20-4216-846f-14c95f87e90b" testId="a261a3db-c9ff-a871-4a58-400cf09f2750" testName="YouTubeCLI.Tests.Commands.EdgeCaseTests.CreateCommand_WithWhitespaceArguments_ShouldHandleGracefully(whitespace: &quot;\n&quot;)" computerName="runnervmf2e7y" duration="00:00:00.0000119" startTime="2025-11-05T05:11:10.1557024+00:00" endTime="2025-11-05T05:11:10.1557026+00:00" testType="13cdc9d9-ddb5-4fa4-a97d-d965ccfc6d4b" outcome="Passed" testListId="8c84fa94-04c1-424b-9868-57a2d4851a1d" relativeResultsDirectory="d7c25d3b-4a20-4216-846f-14c95f87e90b" />
    <UnitTestResult executionId="94027368-5f90-4cac-afe1-eb2d53fd8b5b" testId="eaca6766-facf-680c-470b-c07742e699a7" testName="YouTubeCLI.Tests.Commands.CreateCommandTests.Broadcast_Privacy_ToLowerCase_ShouldProduceCorrectValue(inputPrivacy: &quot;UNLISTED&quot;, expectedLowercase: &quot;unlisted&quot;)" computerName="runnervmf2e7y" duration="00:00:00.0000140" startTime="2025-11-05T05:11:10.2710114+00:00" endTime="2025-11-05T05:11:10.2710115+00:00" testType="13cdc9d9-ddb5-4fa4-a97d-d965ccfc6d4b" outcome="Passed" testListId="8c84fa94-04c1-424b-9868-57a2d4851a1d" relativeResultsDirectory="94027368-5f90-4cac-afe1-eb2d53fd8b5b" />
    <UnitTestResult executionId="2c537303-5db4-47b0-8b47-04a618deadcf" testId="689c09ab-8f4b-1509-a7ce-6353acc41aca" testName="YouTubeCLI.Tests.Commands.CommandsBaseTests.TestMode_ShouldBeSettable" computerName="runnervmf2e7y" duration="00:00:00.0004081" startTime="2025-11-05T05:11:10.2555710+00:00" endTime="2025-11-05T05:11:10.2555711+00:00" testType="13cdc9d9-ddb5-4fa4-a97d-d965ccfc6d4b" outcome="Passed" testListId="8c84fa94-04c1-424b-9868-57a2d4851a1d" relativeResultsDirectory="2c537303-5db4-47b0-8b47-04a618deadcf" />
    <UnitTestResult executionId="7a70c682-71e1-4de5-83a5-57c82548c349" testId="67a729c2-dcaa-7880-5019-847b383767ba" testName="YouTubeCLI.Tests.Commands.CreateCommandComprehensiveTests.CreateArgs_WithWhitespaceId_ShouldNotIncludeIdArgument(id: &quot;\n&quot;)" computerName="runnervmf2e7y" duration="00:00:00.0000123" startTime="2025-11-05T05:11:10.2912043+00:00" endTime="2025-11-05T05:11:10.2912043+00:00" testType="13cdc9d9-ddb5-4fa4-a97d-d965ccfc6d4b" outcome="Passed" testListId="8c84fa94-04c1-424b-9868-57a2d4851a1d" relativeResultsDirectory="7a70c682-71e1-4de5-83a5-57c82548c349" />
    <UnitTestResult executionId="859e5a5c-28e7-4dec-9424-c5ec36ea4b8b" testId="28038bb7-8f81-0a57-f3f7-1b3bfcd3e387" testName="YouTubeCLI.Tests.Commands.CommandLineParsingTests.UpdateCommand_ShouldHaveCorrectAttributes" computerName="runnervmf2e7y" duration="00:00:00.0015858" startTime="2025-11-05T05:11:10.2325046+00:00" endTime="2025-11-05T05:11:10.2325047+00:00" testType="13cdc9d9-ddb5-4fa4-a97d-d965ccfc6d4b" outcome="Passed" testListId="8c84fa94-04c1-424b-9868-57a2d4851a1d" relativeResultsDirectory="859e5a5c-28e7-4dec-9424-c5ec36ea4b8b" />
    <UnitTestResult executionId="bdd789c9-3ad1-4c98-ac39-4ac9f4d9e389" testId="ae8d356b-cc67-03eb-6a7d-662b63129fd7" testName="YouTubeCLI.Tests.Commands.CommandLineIntegrationTests.CreateCommand_WithAllArguments_ShouldParseCorrectly" computerName="runnervmf2e7y" duration="00:00:00.0011273" startTime="2025-11-05T05:11:10.2732199+00:00" endTime="2025-11-05T05:11:10.2732200+00:00" testType="13cdc9d9-ddb5-4fa4-a97d-d965ccfc6d4b" outcome="Passed" testListId="8c84fa94-04c1-424b-9868-57a2d4851a1d" relativeResultsDirectory="bdd789c9-3ad1-4c98-ac39-4ac9f4d9e389" />
    <UnitTestResult executionId="2970da84-5066-4579-bce1-5f72a81aff71" testId="3b778715-27b8-b54f-00b7-65b510926950" testName="YouTubeCLI.Tests.Commands.EdgeCaseTests.EndCommand_WithWhitespaceArguments_ShouldHandleGracefully(whitespace: &quot;\n&quot;)" computerName="runnervmf2e7y" duration="00:00:00.0000061" startTime="2025-11-05T05:11:10.2314943+00:00" endTime="2025-11-05T05:11:10.2314944+00:00" testType="13cdc9d9-ddb5-4fa4-a97d-d965ccfc6d4b" outcome="Passed" testListId="8c84fa94-04c1-424b-9868-57a2d4851a1d" relativeResultsDirectory="2970da84-5066-4579-bce1-5f72a81aff71" />
    <UnitTestResult executionId="25f40f11-3663-4d8c-8c78-34f7d87d513e" testId="0494e20c-9d3b-1202-f337-3799c994c488" testName="YouTubeCLI.Tests.Commands.UpdateCommandTests.Privacy_CaseInsensitiveParsing_ShouldParseCorrectly(privacyString: &quot;Public&quot;, expectedValue: Public)" computerName="runnervmf2e7y" duration="00:00:00.0000048" startTime="2025-11-05T05:11:10.2850399+00:00" endTime="2025-11-05T05:11:10.2850400+00:00" testType="13cdc9d9-ddb5-4fa4-a97d-d965ccfc6d4b" outcome="Passed" testListId="8c84fa94-04c1-424b-9868-57a2d4851a1d" relativeResultsDirectory="25f40f11-3663-4d8c-8c78-34f7d87d513e" />
    <UnitTestResult executionId="fc7ec450-1fb4-4e3b-bf50-7a15be41faf1" testId="1b554ee6-2a60-b3ec-7c5a-319c3b8427f6" testName="YouTubeCLI.Tests.Commands.EnumAndConstantsTests.PrivacyEnum_ShouldBeComparable" computerName="runnervmf2e7y" duration="00:00:00.0033346" startTime="2025-11-05T05:11:10.2687473+00:00" endTime="2025-11-05T05:11:10.2687474+00:00" testType="13cdc9d9-ddb5-4fa4-a97d-d965ccfc6d4b" outcome="Passed" testListId="8c84fa94-04c1-424b-9868-57a2d4851a1d" relativeResultsDirectory="fc7ec450-1fb4-4e3b-bf50-7a15be41faf1" />
    <UnitTestResult executionId="0db829c8-56b0-4b9e-a7fd-d7eb1b051e80" testId="e2a7095e-0c32-fff9-c160-b622db686c41" testName="YouTubeCLI.Tests.Commands.EdgeCaseTests.EndCommand_WithWhitespaceArguments_ShouldHandleGracefully(whitespace: &quot;&quot;)" computerName="runnervmf2e7y" duration="00:00:00.0000193" startTime="2025-11-05T05:11:10.2309776+00:00" endTime="2025-11-05T05:11:10.2309777+00:00" testType="13cdc9d9-ddb5-4fa4-a97d-d965ccfc6d4b" outcome="Passed" testListId="8c84fa94-04c1-424b-9868-57a2d4851a1d" relativeResultsDirectory="0db829c8-56b0-4b9e-a7fd-d7eb1b051e80" />
    <UnitTestResult executionId="bc44f7a7-cc25-47c6-90aa-24ca103e3475" testId="a2921048-f9d4-acad-de69-5466519128fd" testName="YouTubeCLI.Tests.Commands.CreateCommandTests.Broadcast_Privacy_WithValidValues_ShouldBeAccepted(privacyValue: &quot;private&quot;)" computerName="runnervmf2e7y" duration="00:00:00.0000102" startTime="2025-11-05T05:11:10.2494904+00:00" endTime="2025-11-05T05:11:10.2494905+00:00" testType="13cdc9d9-ddb5-4fa4-a97d-d965ccfc6d4b" outcome="Passed" testListId="8c84fa94-04c1-424b-9868-57a2d4851a1d" relativeResultsDirectory="bc44f7a7-cc25-47c6-90aa-24ca103e3475" />
    <UnitTestResult executionId="07a0df7e-7026-4a02-bc0c-e96677ad1992" testId="1731ab61-3259-36c1-d5c3-796a4f095783" testName="YouTubeCLI.Tests.Commands.CommandLineParsingTests.UpdateCommand_ShouldHaveOptionalOptions" computerName="runnervmf2e7y" duration="00:00:00.0005159" startTime="2025-11-05T05:11:10.2352506+00:00" endTime="2025-11-05T05:11:10.2352507+00:00" testType="13cdc9d9-ddb5-4fa4-a97d-d965ccfc6d4b" outcome="Passed" testListId="8c84fa94-04c1-424b-9868-57a2d4851a1d" relativeResultsDirectory="07a0df7e-7026-4a02-bc0c-e96677ad1992" />
    <UnitTestResult executionId="fe795b02-45d9-45cb-b003-05adbfdfed4f" testId="7a417314-8c3c-48fd-e4bf-aa7a2f9ec88b" testName="YouTubeCLI.Tests.Commands.UpdateCommandTests.Privacy_CaseInsensitiveParsing_ShouldParseCorrectly(privacyString: &quot;unlisted&quot;, expectedValue: Unlisted)" computerName="runnervmf2e7y" duration="00:00:00.0000122" startTime="2025-11-05T05:11:10.2863596+00:00" endTime="2025-11-05T05:11:10.2863597+00:00" testType="13cdc9d9-ddb5-4fa4-a97d-d965ccfc6d4b" outcome="Passed" testListId="8c84fa94-04c1-424b-9868-57a2d4851a1d" relativeResultsDirectory="fe795b02-45d9-45cb-b003-05adbfdfed4f" />
    <UnitTestResult executionId="0e3a0e70-b343-42e9-85db-a548ba1a5fe9" testId="d042d566-c993-7a61-0a5b-017e74d79281" testName="YouTubeCLI.Tests.Libraries.YouTubeLibraryTests.BuildBroadCast_WithNullStartDate_ShouldNotThrowException" computerName="runnervmf2e7y" duration="00:00:00.0013182" startTime="2025-11-05T05:11:10.3127744+00:00" endTime="2025-11-05T05:11:10.3127745+00:00" testType="13cdc9d9-ddb5-4fa4-a97d-d965ccfc6d4b" outcome="Passed" testListId="8c84fa94-04c1-424b-9868-57a2d4851a1d" relativeResultsDirectory="0e3a0e70-b343-42e9-85db-a548ba1a5fe9" />
    <UnitTestResult executionId="7bca30e9-e34e-4b0b-9c1e-aefbfc4ae5d3" testId="ae1a8295-82c5-0411-4fb8-bab6054ba18d" testName="YouTubeCLI.Tests.Commands.EdgeCaseTests.UpdateCommand_WithBothFileAndId_ShouldIncludeBoth" computerName="runnervmf2e7y" duration="00:00:00.0005548" startTime="2025-11-05T05:11:10.2287485+00:00" endTime="2025-11-05T05:11:10.2287486+00:00" testType="13cdc9d9-ddb5-4fa4-a97d-d965ccfc6d4b" outcome="Passed" testListId="8c84fa94-04c1-424b-9868-57a2d4851a1d" relativeResultsDirectory="7bca30e9-e34e-4b0b-9c1e-aefbfc4ae5d3" />
    <UnitTestResult executionId="605b0227-9426-422b-a738-660d14675f3d" testId="07dffbf1-58e8-b1f8-04c8-6a30e1b51e05" testName="YouTubeCLI.Tests.Utilities.OSDetectionTests.NormalizePath_WithNullInput_ShouldReturnNull" computerName="runnervmf2e7y" duration="00:00:00.0001193" startTime="2025-11-05T05:11:10.2765054+00:00" endTime="2025-11-05T05:11:10.2765055+00:00" testType="13cdc9d9-ddb5-4fa4-a97d-d965ccfc6d4b" outcome="Passed" testListId="8c84fa94-04c1-424b-9868-57a2d4851a1d" relativeResultsDirectory="605b0227-9426-422b-a738-660d14675f3d" />
    <UnitTestResult executionId="23544b38-5767-4d4d-aa87-fb06bbb4a3f8" testId="c3a74abc-beb1-bef5-f075-4ce12ea60131" testName="YouTubeCLI.Tests.Commands.EdgeCaseTests.CreateCommand_WithWhitespaceArguments_ShouldHandleGracefully(whitespace: &quot;\t&quot;)" computerName="runnervmf2e7y" duration="00:00:00.0000137" startTime="2025-11-05T05:11:10.1569010+00:00" endTime="2025-11-05T05:11:10.1569012+00:00" testType="13cdc9d9-ddb5-4fa4-a97d-d965ccfc6d4b" outcome="Passed" testListId="8c84fa94-04c1-424b-9868-57a2d4851a1d" relativeResultsDirectory="23544b38-5767-4d4d-aa87-fb06bbb4a3f8" />
    <UnitTestResult executionId="f908cc95-3dc6-41c5-a406-8cefcbd5b00e" testId="69be50c4-51c6-b02c-4909-ef9750875083" testName="YouTubeCLI.Tests.Commands.EdgeCaseTests.UpdateCommand_WithWhitespaceArguments_ShouldHandleGracefully(whitespace: &quot;&quot;)" computerName="runnervmf2e7y" duration="00:00:00.0001497" startTime="2025-11-05T05:11:10.2347360+00:00" endTime="2025-11-05T05:11:10.2347361+00:00" testType="13cdc9d9-ddb5-4fa4-a97d-d965ccfc6d4b" outcome="Passed" testListId="8c84fa94-04c1-424b-9868-57a2d4851a1d" relativeResultsDirectory="f908cc95-3dc6-41c5-a406-8cefcbd5b00e" />
    <UnitTestResult executionId="10f32d4f-fd16-42f9-981c-7a207ae1bd69" testId="b4ddc8cd-b4eb-86dd-5df3-b8218c128e4a" testName="YouTubeCLI.Tests.Commands.CreateCommandTests.Broadcast_Privacy_WithValidValues_ShouldBeAccepted(privacyValue: &quot;Private&quot;)" computerName="runnervmf2e7y" duration="00:00:00.0000120" startTime="2025-11-05T05:11:10.2489854+00:00" endTime="2025-11-05T05:11:10.2489855+00:00" testType="13cdc9d9-ddb5-4fa4-a97d-d965ccfc6d4b" outcome="Passed" testListId="8c84fa94-04c1-424b-9868-57a2d4851a1d" relativeResultsDirectory="10f32d4f-fd16-42f9-981c-7a207ae1bd69" />
    <UnitTestResult executionId="b8c71d48-deaf-46a1-add6-d01f75d3ee1f" testId="4ed11303-3225-ae56-371f-c37e315a6830" testName="YouTubeCLI.Tests.Models.LiveBroadcastInfoTests.LiveBroadcastInfo_Url_ShouldHandleDifferentIdFormats(youTubeId: &quot;a&quot;)" computerName="runnervmf2e7y" duration="00:00:00.0000110" startTime="2025-11-05T05:11:10.2459158+00:00" endTime="2025-11-05T05:11:10.2459159+00:00" testType="13cdc9d9-ddb5-4fa4-a97d-d965ccfc6d4b" outcome="Passed" testListId="8c84fa94-04c1-424b-9868-57a2d4851a1d" relativeResultsDirectory="b8c71d48-deaf-46a1-add6-d01f75d3ee1f" />
    <UnitTestResult executionId="e0d3263b-609c-48a6-aace-c804a57d2c23" testId="3c9eea1c-ae4a-74ee-4adb-3e10254eec6e" testName="YouTubeCLI.Tests.Commands.UpdateCommandTests.CreateArgs_WithAutoStopTrue_ShouldIncludeAutoStopArgument" computerName="runnervmf2e7y" duration="00:00:00.0001626" startTime="2025-11-05T05:11:10.3013710+00:00" endTime="2025-11-05T05:11:10.3013711+00:00" testType="13cdc9d9-ddb5-4fa4-a97d-d965ccfc6d4b" outcome="Passed" testListId="8c84fa94-04c1-424b-9868-57a2d4851a1d" relativeResultsDirectory="e0d3263b-609c-48a6-aace-c804a57d2c23" />
    <UnitTestResult executionId="4f9f816f-f1bb-415f-a4db-5979e14ba516" testId="9bfd6a7e-ecd8-cf34-3be9-1a4c3525b95b" testName="YouTubeCLI.Tests.Commands.EdgeCaseTests.CreateCommand_WithWhitespaceArguments_ShouldHandleGracefully(whitespace: &quot;\r\n&quot;)" computerName="runnervmf2e7y" duration="00:00:00.0001593" startTime="2025-11-05T05:11:10.1551172+00:00" endTime="2025-11-05T05:11:10.1551173+00:00" testType="13cdc9d9-ddb5-4fa4-a97d-d965ccfc6d4b" outcome="Passed" testListId="8c84fa94-04c1-424b-9868-57a2d4851a1d" relativeResultsDirectory="4f9f816f-f1bb-415f-a4db-5979e14ba516" />
    <UnitTestResult executionId="2cbbd602-0780-4e62-8fb6-1c6a00070fec" testId="58bf304e-2f91-cb79-36d0-ae6d9a616ed0" testName="YouTubeCLI.Tests.Models.LiveBroadcastInfoTests.LiveBroadcastInfo_Url_ShouldGenerateCorrectYouTubeUrl" computerName="runnervmf2e7y" duration="00:00:00.0001403" startTime="2025-11-05T05:11:10.2533197+00:00" endTime="2025-11-05T05:11:10.2533198+00:00" testType="13cdc9d9-ddb5-4fa4-a97d-d965ccfc6d4b" outcome="Passed" testListId="8c84fa94-04c1-424b-9868-57a2d4851a1d" relativeResultsDirectory="2cbbd602-0780-4e62-8fb6-1c6a00070fec" />
    <UnitTestResult executionId="a73d780e-34bc-4472-9a1c-f62b67d03b00" testId="348f2c9f-3f8d-706b-0072-6893a8b09fe0" testName="YouTubeCLI.Tests.Commands.CommandLineParsingTests.CreateCommand_ShouldHaveOptionalOptions" computerName="runnervmf2e7y" duration="00:00:00.0012879" startTime="2025-11-05T05:11:10.2139182+00:00" endTime="2025-11-05T05:11:10.2139183+00:00" testType="13cdc9d9-ddb5-4fa4-a97d-d965ccfc6d4b" outcome="Passed" testListId="8c84fa94-04c1-424b-9868-57a2d4851a1d" relativeResultsDirectory="a73d780e-34bc-4472-9a1c-f62b67d03b00" />
    <UnitTestResult executionId="f0f38a85-b431-416b-a871-42759d0283c6" testId="f60787b9-46eb-bddb-7cba-797cc5f97f5d" testName="YouTubeCLI.Tests.Commands.EnumAndConstantsTests.Constants_ShouldHaveCorrectColumnNames" computerName="runnervmf2e7y" duration="00:00:00.0003177" startTime="2025-11-05T05:11:10.2007025+00:00" endTime="2025-11-05T05:11:10.2007028+00:00" testType="13cdc9d9-ddb5-4fa4-a97d-d965ccfc6d4b" outcome="Passed" testListId="8c84fa94-04c1-424b-9868-57a2d4851a1d" relativeResultsDirectory="f0f38a85-b431-416b-a871-42759d0283c6" />
    <UnitTestResult executionId="f4381d53-9eab-4c6f-9080-0af581450e7f" testId="b1235869-6f2e-0864-1276-25c6fe7d388b" testName="YouTubeCLI.Tests.Commands.EndCommandTests.CreateArgs_WithVariousIdFormats_ShouldIncludeIdArgument(id: &quot;id1,id2&quot;)" computerName="runnervmf2e7y" duration="00:00:00.0001596" startTime="2025-11-05T05:11:10.2125303+00:00" endTime="2025-11-05T05:11:10.2125304+00:00" testType="13cdc9d9-ddb5-4fa4-a97d-d965ccfc6d4b" outcome="Passed" testListId="8c84fa94-04c1-424b-9868-57a2d4851a1d" relativeResultsDirectory="f4381d53-9eab-4c6f-9080-0af581450e7f" />
    <UnitTestResult executionId="da075c7a-3122-410b-9497-2395e54118fa" testId="789a085b-3a4e-6297-d086-1543586bd57f" testName="YouTubeCLI.Tests.Commands.CreateCommandComprehensiveTests.CreateArgs_WithNoOptionalArguments_ShouldNotIncludeOptionalArgs" computerName="runnervmf2e7y" duration="00:00:00.0001577" startTime="2025-11-05T05:11:10.2958322+00:00" endTime="2025-11-05T05:11:10.2958323+00:00" testType="13cdc9d9-ddb5-4fa4-a97d-d965ccfc6d4b" outcome="Passed" testListId="8c84fa94-04c1-424b-9868-57a2d4851a1d" relativeResultsDirectory="da075c7a-3122-410b-9497-2395e54118fa" />
    <UnitTestResult executionId="46206032-2da3-4aed-a5fb-bb588ef24878" testId="aac24be3-f86d-3bfb-033d-afc40da6b642" testName="YouTubeCLI.Tests.Commands.UpdateCommandTests.Privacy_CaseInsensitiveParsing_ShouldParseCorrectly(privacyString: &quot;PRIVATE&quot;, expectedValue: Private)" computerName="runnervmf2e7y" duration="00:00:00.0002506" startTime="2025-11-05T05:11:10.2837128+00:00" endTime="2025-11-05T05:11:10.2837129+00:00" testType="13cdc9d9-ddb5-4fa4-a97d-d965ccfc6d4b" outcome="Passed" testListId="8c84fa94-04c1-424b-9868-57a2d4851a1d" relativeResultsDirectory="46206032-2da3-4aed-a5fb-bb588ef24878" />
    <UnitTestResult executionId="642eab2d-b12f-4117-8275-4f6444568a61" testId="224bdd81-4a47-49a2-e8c6-09aa73532300" testName="YouTubeCLI.Tests.Commands.ListCommandTests.CreateArgs_WithWhitespaceClientSecrets_ShouldNotIncludeClientSecrets(whitespace: &quot;\n&quot;)" computerName="runnervmf2e7y" duration="00:00:00.0001605" startTime="2025-11-05T05:11:10.2592074+00:00" endTime="2025-11-05T05:11:10.2592074+00:00" testType="13cdc9d9-ddb5-4fa4-a97d-d965ccfc6d4b" outcome="Passed" testListId="8c84fa94-04c1-424b-9868-57a2d4851a1d" relativeResultsDirectory="642eab2d-b12f-4117-8275-4f6444568a61" />
    <UnitTestResult executionId="5f0bd496-6ead-4433-8d91-9c5ab50d8f29" testId="3acaa42e-154a-63c6-e74d-e808af27744c" testName="YouTubeCLI.Tests.Commands.CreateCommandTests.CreateArgs_WithId_ShouldIncludeIdArgument" computerName="runnervmf2e7y" duration="00:00:00.0001867" startTime="2025-11-05T05:11:10.2673467+00:00" endTime="2025-11-05T05:11:10.2673467+00:00" testType="13cdc9d9-ddb5-4fa4-a97d-d965ccfc6d4b" outcome="Passed" testListId="8c84fa94-04c1-424b-9868-57a2d4851a1d" relativeResultsDirectory="5f0bd496-6ead-4433-8d91-9c5ab50d8f29" />
    <UnitTestResult executionId="39821cc6-448e-4c01-a097-a73f9c767a92" testId="fc5a2747-5410-8c3b-a061-c951bcaae1d3" testName="YouTubeCLI.Tests.Commands.EndCommandTests.CreateArgs_WithWhitespaceId_ShouldNotIncludeIdArgument" computerName="runnervmf2e7y" duration="00:00:00.0001396" startTime="2025-11-05T05:11:10.2265469+00:00" endTime="2025-11-05T05:11:10.2265470+00:00" testType="13cdc9d9-ddb5-4fa4-a97d-d965ccfc6d4b" outcome="Passed" testListId="8c84fa94-04c1-424b-9868-57a2d4851a1d" relativeResultsDirectory="39821cc6-448e-4c01-a097-a73f9c767a92" />
    <UnitTestResult executionId="46318699-8121-4a74-98d0-ae1d3f9e396a" testId="e66cdfb9-bbce-3947-a128-3260cc76cd0a" testName="YouTubeCLI.Tests.Commands.CreateCommandTests.Broadcast_Privacy_ToLowerCase_ShouldProduceCorrectValue(inputPrivacy: &quot;public&quot;, expectedLowercase: &quot;public&quot;)" computerName="runnervmf2e7y" duration="00:00:00.0003405" startTime="2025-11-05T05:11:10.2691984+00:00" endTime="2025-11-05T05:11:10.2691985+00:00" testType="13cdc9d9-ddb5-4fa4-a97d-d965ccfc6d4b" outcome="Passed" testListId="8c84fa94-04c1-424b-9868-57a2d4851a1d" relativeResultsDirectory="46318699-8121-4a74-98d0-ae1d3f9e396a" />
    <UnitTestResult executionId="107c61ef-3d11-47ff-b84e-3333b4874fa5" testId="e07c74b7-458f-2963-2ae9-cfacd644cbfa" testName="YouTubeCLI.Tests.Commands.CreateCommandTests.Broadcast_Privacy_WithValidValues_ShouldBeAccepted(privacyValue: &quot;PUBLIC&quot;)" computerName="runnervmf2e7y" duration="00:00:00.0000125" startTime="2025-11-05T05:11:10.2504349+00:00" endTime="2025-11-05T05:11:10.2504350+00:00" testType="13cdc9d9-ddb5-4fa4-a97d-d965ccfc6d4b" outcome="Passed" testListId="8c84fa94-04c1-424b-9868-57a2d4851a1d" relativeResultsDirectory="107c61ef-3d11-47ff-b84e-3333b4874fa5" />
    <UnitTestResult executionId="be59ef14-6279-43a6-afd4-349430066e2d" testId="b69b07bd-773b-8474-4a6f-7124b0954183" testName="YouTubeCLI.Tests.Commands.CommandLineIntegrationTests.Command_ShouldHaveValidName(commandName: &quot;end&quot;)" computerName="runnervmf2e7y" duration="00:00:00.0000978" startTime="2025-11-05T05:11:10.2611609+00:00" endTime="2025-11-05T05:11:10.2611610+00:00" testType="13cdc9d9-ddb5-4fa4-a97d-d965ccfc6d4b" outcome="Passed" testListId="8c84fa94-04c1-424b-9868-57a2d4851a1d" relativeResultsDirectory="be59ef14-6279-43a6-afd4-349430066e2d" />
    <UnitTestResult executionId="8ceadab6-9872-4749-b88e-5db8805088cc" testId="7908667e-87c0-e43b-ae10-9c10b3ffdb74" testName="YouTubeCLI.Tests.Commands.EndCommandTests.CreateArgs_WithEmptyId_ShouldNotIncludeIdArgument" computerName="runnervmf2e7y" duration="00:00:00.0128092" startTime="2025-11-05T05:11:10.1517614+00:00" endTime="2025-11-05T05:11:10.1517614+00:00" testType="13cdc9d9-ddb5-4fa4-a97d-d965ccfc6d4b" outcome="Passed" testListId="8c84fa94-04c1-424b-9868-57a2d4851a1d" relativeResultsDirectory="8ceadab6-9872-4749-b88e-5db8805088cc" />
    <UnitTestResult executionId="fb78377a-b34b-4615-945b-80e1f0c8c9eb" testId="8f8c7a3c-709e-83fb-b638-c23fd3ac7af5" testName="YouTubeCLI.Tests.Commands.ListCommandTests.CreateArgs_WithWhitespaceClientSecrets_ShouldNotIncludeClientSecrets(whitespace: &quot;\t&quot;)" computerName="runnervmf2e7y" duration="00:00:00.0001931" startTime="2025-11-05T05:11:10.2584182+00:00" endTime="2025-11-05T05:11:10.2584183+00:00" testType="13cdc9d9-ddb5-4fa4-a97d-d965ccfc6d4b" outcome="Passed" testListId="8c84fa94-04c1-424b-9868-57a2d4851a1d" relativeResultsDirectory="fb78377a-b34b-4615-945b-80e1f0c8c9eb" />
    <UnitTestResult executionId="1f8bab20-5f00-45a6-a7a4-2659dc380a05" testId="66701f5c-c255-2fac-0242-936627cee01b" testName="YouTubeCLI.Tests.Commands.CommandLineIntegrationTests.ListCommand_WithShortFlags_ShouldParseCorrectly" computerName="runnervmf2e7y" duration="00:00:00.0001432" startTime="2025-11-05T05:11:10.2627571+00:00" endTime="2025-11-05T05:11:10.2627572+00:00" testType="13cdc9d9-ddb5-4fa4-a97d-d965ccfc6d4b" outcome="Passed" testListId="8c84fa94-04c1-424b-9868-57a2d4851a1d" relativeResultsDirectory="1f8bab20-5f00-45a6-a7a4-2659dc380a05" />
    <UnitTestResult executionId="82d6ff23-b2c7-447b-8863-180cd599f4d9" testId="c70768e6-36ec-5b26-7834-477367135e30" testName="YouTubeCLI.Tests.Utilities.OSDetectionTests.NormalizePath_ShouldNormalizePathCorrectly(input: &quot;path/to\\file.png&quot;, expected: &quot;path/to/file.png&quot;)" computerName="runnervmf2e7y" duration="00:00:00.0026782" startTime="2025-11-05T05:11:10.2742882+00:00" endTime="2025-11-05T05:11:10.2742883+00:00" testType="13cdc9d9-ddb5-4fa4-a97d-d965ccfc6d4b" outcome="Passed" testListId="8c84fa94-04c1-424b-9868-57a2d4851a1d" relativeResultsDirectory="82d6ff23-b2c7-447b-8863-180cd599f4d9" />
    <UnitTestResult executionId="dd8baa76-76e1-45f0-afd8-7f70e2382f24" testId="6d2fa0b9-1678-7b04-e81f-f482eef374ab" testName="YouTubeCLI.Tests.Libraries.BroadcastLibraryTests.GetBroadcasts_WithInvalidJsonFile_ShouldThrowException" computerName="runnervmf2e7y" duration="00:00:00.0031019" startTime="2025-11-05T05:11:10.3112030+00:00" endTime="2025-11-05T05:11:10.3112030+00:00" testType="13cdc9d9-ddb5-4fa4-a97d-d965ccfc6d4b" outcome="Passed" testListId="8c84fa94-04c1-424b-9868-57a2d4851a1d" relativeResultsDirectory="dd8baa76-76e1-45f0-afd8-7f70e2382f24" />
    <UnitTestResult executionId="2fb5e8d1-fa98-4d4a-921f-2de0df6a8bda" testId="c7d7046d-c085-d08f-a64d-17dfeba5e74e" testName="YouTubeCLI.Tests.Commands.CreateCommandTests.Broadcast_Privacy_WithValidValues_ShouldBeAccepted(privacyValue: &quot;public&quot;)" computerName="runnervmf2e7y" duration="00:00:00.0000150" startTime="2025-11-05T05:11:10.2514772+00:00" endTime="2025-11-05T05:11:10.2514773+00:00" testType="13cdc9d9-ddb5-4fa4-a97d-d965ccfc6d4b" outcome="Passed" testListId="8c84fa94-04c1-424b-9868-57a2d4851a1d" relativeResultsDirectory="2fb5e8d1-fa98-4d4a-921f-2de0df6a8bda" />
    <UnitTestResult executionId="637c6441-b3dd-40ed-8d49-ed7bf8584b14" testId="4e8c33a2-3289-3488-a4e3-25b3e0386540" testName="YouTubeCLI.Tests.Commands.EdgeCaseTests.EndCommand_WithSpecialCharactersInId_ShouldHandleCorrectly" computerName="runnervmf2e7y" duration="00:00:00.0001593" startTime="2025-11-05T05:11:10.2395087+00:00" endTime="2025-11-05T05:11:10.2395088+00:00" testType="13cdc9d9-ddb5-4fa4-a97d-d965ccfc6d4b" outcome="Passed" testListId="8c84fa94-04c1-424b-9868-57a2d4851a1d" relativeResultsDirectory="637c6441-b3dd-40ed-8d49-ed7bf8584b14" />
    <UnitTestResult executionId="d2a61135-9a12-4a91-a5dd-c8462d79be8f" testId="e75fcb11-d99b-f755-b69a-3cd91c9e10ad" testName="YouTubeCLI.Tests.Commands.UpdateCommandTests.Privacy_WithInvalidValue_ShouldThrowArgumentException(invalidValue: &quot;Protected&quot;)" computerName="runnervmf2e7y" duration="00:00:00.0006540" startTime="2025-11-05T05:11:10.2991805+00:00" endTime="2025-11-05T05:11:10.2991806+00:00" testType="13cdc9d9-ddb5-4fa4-a97d-d965ccfc6d4b" outcome="Passed" testListId="8c84fa94-04c1-424b-9868-57a2d4851a1d" relativeResultsDirectory="d2a61135-9a12-4a91-a5dd-c8462d79be8f" />
    <UnitTestResult executionId="b5c7630b-a177-4ea0-a597-9864d9420cbe" testId="99d6755d-d08a-74e2-3abf-ca7d19b668e0" testName="YouTubeCLI.Tests.Commands.ListCommandTests.CreateArgs_WithRequiredArguments_ShouldIncludeAllArguments" computerName="runnervmf2e7y" duration="00:00:00.0001586" startTime="2025-11-05T05:11:10.2651590+00:00" endTime="2025-11-05T05:11:10.2651591+00:00" testType="13cdc9d9-ddb5-4fa4-a97d-d965ccfc6d4b" outcome="Passed" testListId="8c84fa94-04c1-424b-9868-57a2d4851a1d" relativeResultsDirectory="b5c7630b-a177-4ea0-a597-9864d9420cbe" />
    <UnitTestResult executionId="6c089955-369a-42b3-ad91-f70c0de9a591" testId="e5e8687b-b178-710e-09cc-9e013784f403" testName="YouTubeCLI.Tests.Commands.UpdateCommandTests.Privacy_WithPublicValue_ShouldBeSetCorrectly" computerName="runnervmf2e7y" duration="00:00:00.0001224" startTime="2025-11-05T05:11:10.3092290+00:00" endTime="2025-11-05T05:11:10.3092291+00:00" testType="13cdc9d9-ddb5-4fa4-a97d-d965ccfc6d4b" outcome="Passed" testListId="8c84fa94-04c1-424b-9868-57a2d4851a1d" relativeResultsDirectory="6c089955-369a-42b3-ad91-f70c0de9a591" />
    <UnitTestResult executionId="f7519b3b-f8f1-480b-a74f-dfb662b31ecb" testId="a3d7db16-3a7b-50f3-c955-f4c867cfc021" testName="YouTubeCLI.Tests.Commands.CreateCommandTests.Broadcast_Privacy_WithInvalidValues_ShouldNotMatchValidOptions(invalidPrivacy: &quot;123&quot;)" computerName="runnervmf2e7y" duration="00:00:00.0000087" startTime="2025-11-05T05:11:10.2782889+00:00" endTime="2025-11-05T05:11:10.2782890+00:00" testType="13cdc9d9-ddb5-4fa4-a97d-d965ccfc6d4b" outcome="Passed" testListId="8c84fa94-04c1-424b-9868-57a2d4851a1d" relativeResultsDirectory="f7519b3b-f8f1-480b-a74f-dfb662b31ecb" />
    <UnitTestResult executionId="568fb62b-bfca-40c8-863c-afc8a3758b04" testId="68fc4775-5010-4e8c-25ad-4b07fb3c98df" testName="YouTubeCLI.Tests.Commands.CommandLineIntegrationTests.EndCommand_WithId_ShouldParseCorrectly" computerName="runnervmf2e7y" duration="00:00:00.0002951" startTime="2025-11-05T05:11:10.2690352+00:00" endTime="2025-11-05T05:11:10.2690353+00:00" testType="13cdc9d9-ddb5-4fa4-a97d-d965ccfc6d4b" outcome="Passed" testListId="8c84fa94-04c1-424b-9868-57a2d4851a1d" relativeResultsDirectory="568fb62b-bfca-40c8-863c-afc8a3758b04" />
    <UnitTestResult executionId="7aa8ec7c-c358-4366-85e4-bc10a30aca07" testId="442ccd3e-1071-5b07-b452-0c9c132748ba" testName="YouTubeCLI.Tests.Commands.CommandLineIntegrationTests.Command_ShouldHaveValidName(commandName: &quot;list&quot;)" computerName="runnervmf2e7y" duration="00:00:00.0000062" startTime="2025-11-05T05:11:10.2616527+00:00" endTime="2025-11-05T05:11:10.2616528+00:00" testType="13cdc9d9-ddb5-4fa4-a97d-d965ccfc6d4b" outcome="Passed" testListId="8c84fa94-04c1-424b-9868-57a2d4851a1d" relativeResultsDirectory="7aa8ec7c-c358-4366-85e4-bc10a30aca07" />
    <UnitTestResult executionId="5dd0cc69-df27-4ea8-95af-389270565f12" testId="4273e266-63e6-1502-e464-96ea8fd05e66" testName="YouTubeCLI.Tests.Commands.CreateCommandTests.Broadcast_Privacy_ShouldBeStringType" computerName="runnervmf2e7y" duration="00:00:00.0013269" startTime="2025-11-05T05:11:10.2818908+00:00" endTime="2025-11-05T05:11:10.2818908+00:00" testType="13cdc9d9-ddb5-4fa4-a97d-d965ccfc6d4b" outcome="Passed" testListId="8c84fa94-04c1-424b-9868-57a2d4851a1d" relativeResultsDirectory="5dd0cc69-df27-4ea8-95af-389270565f12" />
[...]
    <TestEntry testId="3c9eea1c-ae4a-74ee-4adb-3e10254eec6e" executionId="e0d3263b-609c-48a6-aace-c804a57d2c23" testListId="8c84fa94-04c1-424b-9868-57a2d4851a1d" />
    <TestEntry testId="9bfd6a7e-ecd8-cf34-3be9-1a4c3525b95b" executionId="4f9f816f-f1bb-415f-a4db-5979e14ba516" testListId="8c84fa94-04c1-424b-9868-57a2d4851a1d" />
    <TestEntry testId="58bf304e-2f91-cb79-36d0-ae6d9a616ed0" executionId="2cbbd602-0780-4e62-8fb6-1c6a00070fec" testListId="8c84fa94-04c1-424b-9868-57a2d4851a1d" />
    <TestEntry testId="348f2c9f-3f8d-706b-0072-6893a8b09fe0" executionId="a73d780e-34bc-4472-9a1c-f62b67d03b00" testListId="8c84fa94-04c1-424b-9868-57a2d4851a1d" />
    <TestEntry testId="f60787b9-46eb-bddb-7cba-797cc5f97f5d" executionId="f0f38a85-b431-416b-a871-42759d0283c6" testListId="8c84fa94-04c1-424b-9868-57a2d4851a1d" />
    <TestEntry testId="b1235869-6f2e-0864-1276-25c6fe7d388b" executionId="f4381d53-9eab-4c6f-9080-0af581450e7f" testListId="8c84fa94-04c1-424b-9868-57a2d4851a1d" />
    <TestEntry testId="789a085b-3a4e-6297-d086-1543586bd57f" executionId="da075c7a-3122-410b-9497-2395e54118fa" testListId="8c84fa94-04c1-424b-9868-57a2d4851a1d" />
    <TestEntry testId="aac24be3-f86d-3bfb-033d-afc40da6b642" executionId="46206032-2da3-4aed-a5fb-bb588ef24878" testListId="8c84fa94-04c1-424b-9868-57a2d4851a1d" />
    <TestEntry testId="224bdd81-4a47-49a2-e8c6-09aa73532300" executionId="642eab2d-b12f-4117-8275-4f6444568a61" testListId="8c84fa94-04c1-424b-9868-57a2d4851a1d" />
    <TestEntry testId="3acaa42e-154a-63c6-e74d-e808af27744c" executionId="5f0bd496-6ead-4433-8d91-9c5ab50d8f29" testListId="8c84fa94-04c1-424b-9868-57a2d4851a1d" />
    <TestEntry testId="fc5a2747-5410-8c3b-a061-c951bcaae1d3" executionId="39821cc6-448e-4c01-a097-a73f9c767a92" testListId="8c84fa94-04c1-424b-9868-57a2d4851a1d" />
    <TestEntry testId="e66cdfb9-bbce-3947-a128-3260cc76cd0a" executionId="46318699-8121-4a74-98d0-ae1d3f9e396a" testListId="8c84fa94-04c1-424b-9868-57a2d4851a1d" />
    <TestEntry testId="e07c74b7-458f-2963-2ae9-cfacd644cbfa" executionId="107c61ef-3d11-47ff-b84e-3333b4874fa5" testListId="8c84fa94-04c1-424b-9868-57a2d4851a1d" />
    <TestEntry testId="b69b07bd-773b-8474-4a6f-7124b0954183" executionId="be59ef14-6279-43a6-afd4-349430066e2d" testListId="8c84fa94-04c1-424b-9868-57a2d4851a1d" />
    <TestEntry testId="7908667e-87c0-e43b-ae10-9c10b3ffdb74" executionId="8ceadab6-9872-4749-b88e-5db8805088cc" testListId="8c84fa94-04c1-424b-9868-57a2d4851a1d" />
    <TestEntry testId="8f8c7a3c-709e-83fb-b638-c23fd3ac7af5" executionId="fb78377a-b34b-4615-945b-80e1f0c8c9eb" testListId="8c84fa94-04c1-424b-9868-57a2d4851a1d" />
    <TestEntry testId="66701f5c-c255-2fac-0242-936627cee01b" executionId="1f8bab20-5f00-45a6-a7a4-2659dc380a05" testListId="8c84fa94-04c1-424b-9868-57a2d4851a1d" />
    <TestEntry testId="c70768e6-36ec-5b26-7834-477367135e30" executionId="82d6ff23-b2c7-447b-8863-180cd599f4d9" testListId="8c84fa94-04c1-424b-9868-57a2d4851a1d" />
    <TestEntry testId="6d2fa0b9-1678-7b04-e81f-f482eef374ab" executionId="dd8baa76-76e1-45f0-afd8-7f70e2382f24" testListId="8c84fa94-04c1-424b-9868-57a2d4851a1d" />
    <TestEntry testId="c7d7046d-c085-d08f-a64d-17dfeba5e74e" executionId="2fb5e8d1-fa98-4d4a-921f-2de0df6a8bda" testListId="8c84fa94-04c1-424b-9868-57a2d4851a1d" />
    <TestEntry testId="4e8c33a2-3289-3488-a4e3-25b3e0386540" executionId="637c6441-b3dd-40ed-8d49-ed7bf8584b14" testListId="8c84fa94-04c1-424b-9868-57a2d4851a1d" />
    <TestEntry testId="e75fcb11-d99b-f755-b69a-3cd91c9e10ad" executionId="d2a61135-9a12-4a91-a5dd-c8462d79be8f" testListId="8c84fa94-04c1-424b-9868-57a2d4851a1d" />
    <TestEntry testId="99d6755d-d08a-74e2-3abf-ca7d19b668e0" executionId="b5c7630b-a177-4ea0-a597-9864d9420cbe" testListId="8c84fa94-04c1-424b-9868-57a2d4851a1d" />
    <TestEntry testId="e5e8687b-b178-710e-09cc-9e013784f403" executionId="6c089955-369a-42b3-ad91-f70c0de9a591" testListId="8c84fa94-04c1-424b-9868-57a2d4851a1d" />
    <TestEntry testId="a3d7db16-3a7b-50f3-c955-f4c867cfc021" executionId="f7519b3b-f8f1-480b-a74f-dfb662b31ecb" testListId="8c84fa94-04c1-424b-9868-57a2d4851a1d" />
    <TestEntry testId="68fc4775-5010-4e8c-25ad-4b07fb3c98df" executionId="568fb62b-bfca-40c8-863c-afc8a3758b04" testListId="8c84fa94-04c1-424b-9868-57a2d4851a1d" />
    <TestEntry testId="442ccd3e-1071-5b07-b452-0c9c132748ba" executionId="7aa8ec7c-c358-4366-85e4-bc10a30aca07" testListId="8c84fa94-04c1-424b-9868-57a2d4851a1d" />
    <TestEntry testId="4273e266-63e6-1502-e464-96ea8fd05e66" executionId="5dd0cc69-df27-4ea8-95af-389270565f12" testListId="8c84fa94-04c1-424b-9868-57a2d4851a1d" />
    <TestEntry testId="31924841-7f67-36af-d2b0-f250bb581698" executionId="7d87b42e-28e4-4bc4-9dee-8f2c3c4d7e83" testListId="8c84fa94-04c1-424b-9868-57a2d4851a1d" />
    <TestEntry testId="8591d04d-0954-088e-6cc8-313552ca2dec" executionId="27453cf1-9e17-4bf6-8d32-352057a55852" testListId="8c84fa94-04c1-424b-9868-57a2d4851a1d" />
    <TestEntry testId="3fa58ad5-3ecb-c29d-bd73-01629de0ec78" executionId="8ae7423a-545c-4194-8222-5b77598d673d" testListId="8c84fa94-04c1-424b-9868-57a2d4851a1d" />
    <TestEntry testId="b712a625-3de4-319a-2ec7-5978a488eefd" executionId="513d5093-73bd-4f57-a4b9-3ee5161d1ac9" testListId="8c84fa94-04c1-424b-9868-57a2d4851a1d" />
    <TestEntry testId="642b5b2b-3769-968f-136a-b500224d028c" executionId="655d18c7-b5a1-4f8f-93fd-b0c900160e12" testListId="8c84fa94-04c1-424b-9868-57a2d4851a1d" />
    <TestEntry testId="49e9cb3b-2c94-1d48-8e3a-bedef73b278e" executionId="573df6cf-f1bb-4a1a-8449-ba01c9815ea7" testListId="8c84fa94-04c1-424b-9868-57a2d4851a1d" />
    <TestEntry testId="54f196fd-d3fa-2e92-b04a-76973bda6d50" executionId="ef23fbce-464e-4456-a650-15b982e56365" testListId="8c84fa94-04c1-424b-9868-57a2d4851a1d" />
    <TestEntry testId="831fa57e-1e87-6657-0af3-106a75d56620" executionId="0f9240cc-ef2d-4b02-ac6b-6d0b8de51627" testListId="8c84fa94-04c1-424b-9868-57a2d4851a1d" />
    <TestEntry testId="9ba59ef6-5be9-4dba-ebd1-82c58cd345a0" executionId="f4ede3f8-4c23-4466-a13d-0c10feb3cddc" testListId="8c84fa94-04c1-424b-9868-57a2d4851a1d" />
    <TestEntry testId="54a270ce-caf0-c99e-911b-eda9d0985b7c" executionId="2d177dd3-754a-4f81-a20b-c3975a903e11" testListId="8c84fa94-04c1-424b-9868-57a2d4851a1d" />
    <TestEntry testId="5f3e5944-fa3e-3bb5-0f03-2d1c7bac6484" executionId="7a980846-02e0-4a06-ab31-e52a43c23f24" testListId="8c84fa94-04c1-424b-9868-57a2d4851a1d" />
    <TestEntry testId="724c8a2e-94b6-0efb-f964-c0b217602962" executionId="c2d09d14-f036-474a-b5c3-45b2f8d6fa45" testListId="8c84fa94-04c1-424b-9868-57a2d4851a1d" />
    <TestEntry testId="162cc59c-cb25-729c-1451-e4e78367bc98" executionId="7546dd56-f2c0-4800-8c71-b9a531d72d6d" testListId="8c84fa94-04c1-424b-9868-57a2d4851a1d" />
    <TestEntry testId="cf44b5a0-bda1-a531-2382-c9800cde4807" executionId="0f345814-02d8-4635-82dc-e8a3debdd501" testListId="8c84fa94-04c1-424b-9868-57a2d4851a1d" />
    <TestEntry testId="794ac1ca-a54d-14cd-2627-c2d7e8f0a1ea" executionId="be9e6124-74a8-4bfd-b844-7d05c8753155" testListId="8c84fa94-04c1-424b-9868-57a2d4851a1d" />
    <TestEntry testId="7f7f3d93-5b86-f79a-3c4e-324a7315d6fd" executionId="7590533e-0f86-41d9-928a-41772dc09554" testListId="8c84fa94-04c1-424b-9868-57a2d4851a1d" />
    <TestEntry testId="9b19f5e5-d133-90e7-8249-19f63f294c5a" executionId="a54de7c4-c6be-4396-8f72-0aad7a151f86" testListId="8c84fa94-04c1-424b-9868-57a2d4851a1d" />
    <TestEntry testId="41143e1a-e97d-68b1-d9b7-33e7ee558bb3" executionId="5c37d6f0-8ef1-4aad-a334-5111a676154d" testListId="8c84fa94-04c1-424b-9868-57a2d4851a1d" />
    <TestEntry testId="c93a024d-47af-84e9-1bb1-5d3fd4f470bd" executionId="efb892bd-77f5-400b-a9ed-12dff2899f00" testListId="8c84fa94-04c1-424b-9868-57a2d4851a1d" />
    <TestEntry testId="e226be40-1e50-177d-885f-41415f18207d" executionId="df31b6bf-b11e-4a9c-8ed7-4abb1e57ca82" testListId="8c84fa94-04c1-424b-9868-57a2d4851a1d" />
    <TestEntry testId="32847d54-b8e9-bd05-cf86-fe52ce10a287" executionId="225754d5-69eb-461f-9395-0864daf1292a" testListId="8c84fa94-04c1-424b-9868-57a2d4851a1d" />
    <TestEntry testId="e0c8e34e-f152-cc05-f38e-b508fb962a26" executionId="6bfef191-abed-484a-96bf-3fc1e579a88c" testListId="8c84fa94-04c1-424b-9868-57a2d4851a1d" />
    <TestEntry testId="cfe6303e-e445-207b-1258-697415c216ea" executionId="3e90c915-adb2-49b2-ad0e-48d82490e631" testListId="8c84fa94-04c1-424b-9868-57a2d4851a1d" />
    <TestEntry testId="b09f4862-d074-26e0-32a0-c8a2133f7f4d" executionId="eaaaeb98-5dfb-4e64-975d-2334410afbb5" testListId="8c84fa94-04c1-424b-9868-57a2d4851a1d" />
    <TestEntry testId="6817e678-c451-dda2-1b48-b596170fe573" executionId="b270abf9-800b-49e0-9248-45d4254d4503" testListId="8c84fa94-04c1-424b-9868-57a2d4851a1d" />
    <TestEntry testId="2ffcb54b-22c0-a8cd-688c-99d219c5c272" executionId="2794960d-3fe9-4522-9aa5-a120380130a0" testListId="8c84fa94-04c1-424b-9868-57a2d4851a1d" />
    <TestEntry testId="ba394eb4-0395-c724-430f-eb97fb7a17bc" executionId="28868867-7c08-411e-b6a0-288f37ec1551" testListId="8c84fa94-04c1-424b-9868-57a2d4851a1d" />
    <TestEntry testId="beeb191f-b52a-01b5-0e4d-a1fd2d958736" executionId="02a68396-e0e9-446c-8388-6130d12adafe" testListId="8c84fa94-04c1-424b-9868-57a2d4851a1d" />
    <TestEntry testId="8197a882-083d-c2f9-0467-bd0988ca2a5a" executionId="761d3fdf-967c-42a1-9754-6c4c1cb580fb" testListId="8c84fa94-04c1-424b-9868-57a2d4851a1d" />
    <TestEntry testId="c05dfe5a-ba01-bf02-0c64-13b456412d1e" executionId="8f406a01-bf2c-4430-b1fd-090104e32301" testListId="8c84fa94-04c1-424b-9868-57a2d4851a1d" />
    <TestEntry testId="0f48945f-a124-f936-c3bd-b22dbacb7216" executionId="f8167b37-1bdd-4efd-9488-415c3f20583b" testListId="8c84fa94-04c1-424b-9868-57a2d4851a1d" />
    <TestEntry testId="2cbb5adc-1533-f67e-60f8-e748c85dcdaf" executionId="28fe9b07-b749-4592-997d-b58ee3f58d29" testListId="8c84fa94-04c1-424b-9868-57a2d4851a1d" />
    <TestEntry testId="7b96e11d-bd86-9d72-2b96-c5c420910374" executionId="254481be-dc8c-407c-8e8e-6e163475b8d0" testListId="8c84fa94-04c1-424b-9868-57a2d4851a1d" />
    <TestEntry testId="46f7753e-9a6b-333d-0d0e-e6911c0af8a8" executionId="28096bd7-0aa1-46d9-83d5-7dea89e3d419" testListId="8c84fa94-04c1-424b-9868-57a2d4851a1d" />
    <TestEntry testId="c52cb8b9-6236-124a-7b92-d96c48233b97" executionId="0f5938dc-7cfb-45be-a4f9-a139b545ffea" testListId="8c84fa94-04c1-424b-9868-57a2d4851a1d" />
    <TestEntry testId="f24c911f-1e8a-6144-1e40-55c268eef4f5" executionId="76e99f4b-fed6-4148-b02a-677d1e01f32b" testListId="8c84fa94-04c1-424b-9868-57a2d4851a1d" />
    <TestEntry testId="10a3b874-f927-7a56-ba3f-2245ac33af16" executionId="fb50a8fe-021f-4510-88f1-72dc0490cca9" testListId="8c84fa94-04c1-424b-9868-57a2d4851a1d" />
    <TestEntry testId="d8030312-082b-8435-9efa-9f8819fcf413" executionId="d5f2a44a-8ee6-4a51-b5b2-8c7779566818" testListId="8c84fa94-04c1-424b-9868-57a2d4851a1d" />
    <TestEntry testId="b720a649-6a47-5818-2027-c02b272db6b8" executionId="d4f8b517-cc12-41da-994e-5d8d13d29c71" testListId="8c84fa94-04c1-424b-9868-57a2d4851a1d" />
    <TestEntry testId="8ed2ef24-e78e-6408-b36f-b3e4e3635d63" executionId="bd38f6b0-d1ed-4bdc-90ab-a0f9e91bd614" testListId="8c84fa94-04c1-424b-9868-57a2d4851a1d" />
    <TestEntry testId="0898c05a-8620-ffdd-c460-e713936f1e8e" executionId="a7caed5b-a39c-4470-b31d-7d26ede9067c" testListId="8c84fa94-04c1-424b-9868-57a2d4851a1d" />
    <TestEntry testId="858dccf6-bdb4-849d-4758-e99a2deffc90" executionId="585eca1a-0fab-4878-b2a9-541b7ead82fa" testListId="8c84fa94-04c1-424b-9868-57a2d4851a1d" />
    <TestEntry testId="b4d91f8e-1dc5-0ecd-a260-d6058798d43a" executionId="b4dac428-1d83-406e-9acf-424ac5a063cf" testListId="8c84fa94-04c1-424b-9868-57a2d4851a1d" />
    <TestEntry testId="03fa4975-9128-a5ad-76d9-6981c00689d7" executionId="016c87ed-ae89-4821-8fac-178872b2bb31" testListId="8c84fa94-04c1-424b-9868-57a2d4851a1d" />
    <TestEntry testId="5a1fd918-fed2-4a74-0a54-a9a34a567479" executionId="16f6bc5b-82c7-42a7-b6a5-53dec2ab7e2e" testListId="8c84fa94-04c1-424b-9868-57a2d4851a1d" />
    <TestEntry testId="984846f7-9a68-f71a-55bc-c7e7b89597eb" executionId="8ae5716a-ef74-4ca0-8ebf-1d062873fe94" testListId="8c84fa94-04c1-424b-9868-57a2d4851a1d" />
    <TestEntry testId="21ecc2f8-5248-9e37-20d9-df00ec2f6b47" executionId="f086df84-06a4-4792-ab37-a99eaa3de111" testListId="8c84fa94-04c1-424b-9868-57a2d4851a1d" />
    <TestEntry testId="80fc8ea8-81d8-1102-1e69-4ef4cfd05c00" executionId="766ca068-f2d1-493a-b1d6-8114aea0bbdc" testListId="8c84fa94-04c1-424b-9868-57a2d4851a1d" />
    <TestEntry testId="ac9c9652-0e2a-1ac9-8e76-c7a040b9fa18" executionId="91e8c7f1-5ad8-4954-89a6-db44d28336ae" testListId="8c84fa94-04c1-424b-9868-57a2d4851a1d" />
    <TestEntry testId="d3947e0c-19e8-06e7-b5f8-f2fd6274e4c4" executionId="1c11693c-46cd-40b8-a584-5ab748dbbbc7" testListId="8c84fa94-04c1-424b-9868-57a2d4851a1d" />
    <TestEntry testId="85d16ced-0088-d765-a18e-4c7afbf4f539" executionId="a0f4c1e3-2808-4966-9d84-5cd2108a2dab" testListId="8c84fa94-04c1-424b-9868-57a2d4851a1d" />
    <TestEntry testId="ee39379b-da45-8961-57a4-d39b54fe10bd" executionId="dec8d713-479f-4eac-ad76-ad51730a2c2b" testListId="8c84fa94-04c1-424b-9868-57a2d4851a1d" />
    <TestEntry testId="59b3baec-6e55-ff69-844b-e6fa2f9c05db" executionId="2f6a9498-b035-407c-ac0d-117dd60c4d4d" testListId="8c84fa94-04c1-424b-9868-57a2d4851a1d" />
    <TestEntry testId="8a6f85b9-25e9-2030-09d6-e371ab3cae59" executionId="197fff52-192d-43a4-96e1-339a81f519e5" testListId="8c84fa94-04c1-424b-9868-57a2d4851a1d" />
    <TestEntry testId="1d06c433-81b3-02f2-0e21-dbdcf672ba84" executionId="07d124d3-f11d-4d23-909f-a7c2bd4293b1" testListId="8c84fa94-04c1-424b-9868-57a2d4851a1d" />
    <TestEntry testId="e5069eab-2e81-ba22-9aad-5e95c4c95b24" executionId="801b4e6f-fd2b-4af1-be0a-c7f02167e669" testListId="8c84fa94-04c1-424b-9868-57a2d4851a1d" />
    <TestEntry testId="71e2338f-e189-ee6c-1fa3-16d4f20f4611" executionId="0f10e96b-1834-4a3a-83b7-97d634359e0e" testListId="8c84fa94-04c1-424b-9868-57a2d4851a1d" />
    <TestEntry testId="47163b07-0adc-2c1c-bc6a-8ca197f605de" executionId="d86ac7b9-4d3e-4095-8a92-6f3549203f4b" testListId="8c84fa94-04c1-424b-9868-57a2d4851a1d" />
    <TestEntry testId="a7f16187-eab8-cab9-bb98-4e1ea900aa09" executionId="a45cc2fe-e69e-4e1b-a2a9-e31cfc29f230" testListId="8c84fa94-04c1-424b-9868-57a2d4851a1d" />
    <TestEntry testId="ff07e3fe-843e-b2d2-00ee-6d083cd61bd0" executionId="79a2ae22-4a00-4e8d-9dd9-2bc6fc412b76" testListId="8c84fa94-04c1-424b-9868-57a2d4851a1d" />
    <TestEntry testId="6b515a19-4821-1c02-9fcf-2a240fcce72f" executionId="22a15adf-81ad-458e-be76-a45b31eeb6e8" testListId="8c84fa94-04c1-424b-9868-57a2d4851a1d" />
    <TestEntry testId="1e4a1c81-58f9-0803-704b-3c9a1870b011" executionId="90c5aafa-eaf5-4321-b6da-fadbde6230fe" testListId="8c84fa94-04c1-424b-9868-57a2d4851a1d" />
    <TestEntry testId="dc8343e1-631c-3a24-32bb-765aeca00169" executionId="76e2fc14-b4e1-4681-971d-917f86633eac" testListId="8c84fa94-04c1-424b-9868-57a2d4851a1d" />
    <TestEntry testId="6ce1147e-2bfa-0e00-941a-7d3aca888573" executionId="8b5985df-bf30-4adb-a7c4-18b445b9aa13" testListId="8c84fa94-04c1-424b-9868-57a2d4851a1d" />
    <TestEntry testId="ea2f35a1-c767-bacc-f649-08f77e509808" executionId="a303a22c-1f04-4952-9ed0-24924140e659" testListId="8c84fa94-04c1-424b-9868-57a2d4851a1d" />
    <TestEntry testId="a52e7548-609f-3fef-cfad-cf1714606c7a" executionId="6998711e-2219-474e-9261-719a73425119" testListId="8c84fa94-04c1-424b-9868-57a2d4851a1d" />
    <TestEntry testId="edce5a33-7748-5ecf-096a-eb4a28b3b96f" executionId="4739e6bf-1674-4232-b9f5-e09515977bb3" testListId="8c84fa94-04c1-424b-9868-57a2d4851a1d" />
    <TestEntry testId="dc3dea7f-c3e1-a26b-1ead-e541d125ce8b" executionId="c80b5ced-1e3c-40fc-af75-cb70d21969a0" testListId="8c84fa94-04c1-424b-9868-57a2d4851a1d" />
    <TestEntry testId="41494f31-1433-65aa-f41c-dfbc05eec674" executionId="880ad11b-7393-4888-9ab4-3a184ba03444" testListId="8c84fa94-04c1-424b-9868-57a2d4851a1d" />
    <TestEntry testId="451232dc-3f23-a686-0b18-06bf4922511b" executionId="511c86b5-573e-4976-b536-3ed25af87b14" testListId="8c84fa94-04c1-424b-9868-57a2d4851a1d" />
    <TestEntry testId="b237c0c2-ea13-e261-0a6d-7010597840c9" executionId="678ea297-b97f-4984-9ef9-899b05d3d096" testListId="8c84fa94-04c1-424b-9868-57a2d4851a1d" />
    <TestEntry testId="83a0f559-efef-e1c9-60a7-430ec40b4e7f" executionId="3f34dfac-3f08-451e-b2fe-c1a8916ef179" testListId="8c84fa94-04c1-424b-9868-57a2d4851a1d" />
    <TestEntry testId="86cde025-5c2c-de18-4a55-f34f8214b7eb" executionId="92a48166-b7ce-4ec6-bff3-12d2eccbbfcc" testListId="8c84fa94-04c1-424b-9868-57a2d4851a1d" />
    <TestEntry testId="b5650c9e-df85-62fa-89cc-2019efd4aa51" executionId="70e95134-23c2-4430-9ed6-5593c1189387" testListId="8c84fa94-04c1-424b-9868-57a2d4851a1d" />
    <TestEntry testId="339d8926-e750-150f-fd8f-a5a8ff71b925" executionId="57af2c1a-e4ea-42af-b169-d3513f576b4d" testListId="8c84fa94-04c1-424b-9868-57a2d4851a1d" />
    <TestEntry testId="5c603521-3321-fe04-3ae1-84cf8757e1a2" executionId="4fafe7a4-c22d-4a9c-b85c-24175f856f52" testListId="8c84fa94-04c1-424b-9868-57a2d4851a1d" />
    <TestEntry testId="91e1402f-3849-f788-8028-069fcf536454" executionId="e7eb0c99-effb-482d-bbba-c5c0edfa9759" testListId="8c84fa94-04c1-424b-9868-57a2d4851a1d" />
    <TestEntry testId="f1cece5e-3abb-0152-3f57-fe37c6f9180f" executionId="349619e8-7296-4e42-bd36-37e54735046c" testListId="8c84fa94-04c1-424b-9868-57a2d4851a1d" />
    <TestEntry testId="3d48c1b4-a495-643a-9b4e-bed16bbd6c00" executionId="3732f352-5ce9-4324-a003-956c43498b20" testListId="8c84fa94-04c1-424b-9868-57a2d4851a1d" />
    <TestEntry testId="415999dc-2f74-09b9-06af-47a001dd32ed" executionId="eb78ea82-ec7e-45c5-9042-e2f8dcaf082c" testListId="8c84fa94-04c1-424b-9868-57a2d4851a1d" />
    <TestEntry testId="d7367ed2-7e2d-cb9d-a0f7-5de91635a433" executionId="901529e0-25fb-4ee8-97e7-e81044129603" testListId="8c84fa94-04c1-424b-9868-57a2d4851a1d" />
    <TestEntry testId="2445d059-7f39-c815-59a8-c629143c8a1f" executionId="aac221e0-3e24-4dda-b898-8c6e739e2f0d" testListId="8c84fa94-04c1-424b-9868-57a2d4851a1d" />
    <TestEntry testId="e74cfa9d-cadd-e535-33ed-a4b66568b2c9" executionId="6cf9657e-4edb-4e7c-8166-19ecddccbfbf" testListId="8c84fa94-04c1-424b-9868-57a2d4851a1d" />
    <TestEntry testId="3be1da19-8377-8dbb-721b-7ec825b0e219" executionId="5ba8313b-eab6-486a-a1ed-8556296194de" testListId="8c84fa94-04c1-424b-9868-57a2d4851a1d" />
    <TestEntry testId="40e33fe1-3b2c-4ac8-3c9a-112bef8840ee" executionId="76cf6ae3-866b-4e25-b347-357cf35fb065" testListId="8c84fa94-04c1-424b-9868-57a2d4851a1d" />
  </TestEntries>
  <TestLists>
    <TestList name="Results Not in a List" id="8c84fa94-04c1-424b-9868-57a2d4851a1d" />
    <TestList name="All Loaded Results" id="19431567-8539-422a-85d7-44ee4e166bda" />
  </TestLists>
  <ResultSummary outcome="Completed">
    <Counters total="222" executed="222" passed="222" failed="0" error="0" timeout="0" aborted="0" inconclusive="0" passedButRunAborted="0" notRunnable="0" notExecuted="0" disconnected="0" warning="0" completed="0" inProgress="0" pending="0" />
    <Output>
      <StdOut>[xUnit.net 00:00:00.00] xUnit.net VSTest Adapter v2.5.3.1+6b60a9e56a (64-bit .NET 8.0.21)
[xUnit.net 00:00:00.07]   Discovering: YouTubeCLI.Tests
[xUnit.net 00:00:00.14]   Discovered:  YouTubeCLI.Tests
[xUnit.net 00:00:00.15]   Starting:    YouTubeCLI.Tests
[xUnit.net 00:00:00.40]   Finished:    YouTubeCLI.Tests
</StdOut>
    </Output>
    <CollectorDataEntries>
      <Collector agentName="runnervmf2e7y" uri="datacollector://microsoft/CoverletCodeCoverage/1.0" collectorDisplayName="XPlat code coverage">
        <UriAttachments>
          <UriAttachment>
            <A href="runnervmf2e7y/coverage.cobertura.xml"></A>
          </UriAttachment>
        </UriAttachments>
      </Collector>
    </CollectorDataEntries>
  </ResultSummary>
</TestRun>